sysDescr.0 = STRING: APC Web/SNMP Management Card (MB:v4.1.0 PF:v7.0.4 PN:apc_hw05_aos_704.bin AF1:v7.0.6 AN1:apc_hw05_rpdu2g_706.bin MN:AP7921B HR:B2 SN: 0A2207G10614 MD:02/18/2022) 
sysObjectID.0 = OID: enterprises.318.1.3.4.8
sysUpTimeInstance = Timeticks: (6020980) 16:43:29.80
sysContact.0 = STRING: Unknown
sysName.0 = STRING: apc623A04
sysLocation.0 = STRING: Unknown
sysServices.0 = INTEGER: 72
sysORLastChange.0 = Timeticks: (0) 0:00:00.00
sysORID.1 = OID: snmpMIB
sysORID.2 = OID: snmpFrameworkMIBCompliance
sysORID.3 = OID: snmpMPDCompliance
sysORID.4 = OID: usmMIBCompliance
sysORID.5 = OID: vacmMIBCompliance
sysORDescr.1 = STRING: The MIB Module from SNMPv2 entities
sysORDescr.2 = STRING: SNMP Management Architecture MIB
sysORDescr.3 = STRING: Message Processing and Dispatching MIB
sysORDescr.4 = STRING: USM User MIB
sysORDescr.5 = STRING: VACM MIB
sysORUpTime.1 = Timeticks: (0) 0:00:00.00
sysORUpTime.2 = Timeticks: (0) 0:00:00.00
sysORUpTime.3 = Timeticks: (0) 0:00:00.00
sysORUpTime.4 = Timeticks: (0) 0:00:00.00
sysORUpTime.5 = Timeticks: (0) 0:00:00.00
ifNumber.0 = INTEGER: 2
ifIndex.1 = INTEGER: 1
ifIndex.2 = INTEGER: 2
ifDescr.1 = STRING: LOOPBACK
ifDescr.2 = STRING: vmac0
ifType.1 = INTEGER: softwareLoopback(24)
ifType.2 = INTEGER: ethernetCsmacd(6)
ifMtu.1 = INTEGER: 1500
ifMtu.2 = INTEGER: 1500
ifSpeed.1 = Gauge32: 0
ifSpeed.2 = Gauge32: 100000000
ifPhysAddress.1 = STRING: 
ifPhysAddress.2 = STRING: 28:29:86:62:3a:4
ifAdminStatus.1 = INTEGER: up(1)
ifAdminStatus.2 = INTEGER: up(1)
ifOperStatus.1 = INTEGER: up(1)
ifOperStatus.2 = INTEGER: up(1)
ifLastChange.1 = Timeticks: (0) 0:00:00.00
ifLastChange.2 = Timeticks: (25) 0:00:00.25
ifInOctets.1 = Counter32: 37296
ifInOctets.2 = Counter32: 4718029
ifInUcastPkts.1 = Counter32: 444
ifInUcastPkts.2 = Counter32: 4269
ifInNUcastPkts.1 = Counter32: 0
ifInNUcastPkts.2 = Counter32: 40024
ifInDiscards.1 = Counter32: 0
ifInDiscards.2 = Counter32: 0
ifInErrors.1 = Counter32: 0
ifInErrors.2 = Counter32: 0
ifInUnknownProtos.1 = Counter32: 0
ifInUnknownProtos.2 = Counter32: 0
ifOutOctets.1 = Counter32: 37296
ifOutOctets.2 = Counter32: 1361736
ifOutUcastPkts.1 = Counter32: 444
ifOutUcastPkts.2 = Counter32: 4248
ifOutNUcastPkts.1 = Counter32: 0
ifOutNUcastPkts.2 = Counter32: 10
ifOutDiscards.1 = Counter32: 0
ifOutDiscards.2 = Counter32: 0
ifOutErrors.1 = Counter32: 0
ifOutErrors.2 = Counter32: 0
ifOutQLen.1 = Gauge32: 0
ifOutQLen.2 = Gauge32: 0
ifSpecific.1 = OID: zeroDotZero
ifSpecific.2 = OID: zeroDotZero
mib-2.3.1.1.1.2.1.192.168.100.122 = INTEGER: 2
mib-2.3.1.1.1.2.1.192.168.100.180 = INTEGER: 2
mib-2.3.1.1.2.2.1.192.168.100.122 = Hex-STRING: 00 E0 4C 72 7D 5E 
mib-2.3.1.1.2.2.1.192.168.100.180 = Hex-STRING: F0 2F 74 A4 75 0D 
mib-2.3.1.1.3.2.1.192.168.100.122 = IpAddress: 192.168.100.122
mib-2.3.1.1.3.2.1.192.168.100.180 = IpAddress: 192.168.100.180
ipForwarding.0 = INTEGER: notForwarding(2)
ipDefaultTTL.0 = INTEGER: 64
ipInReceives.0 = Counter32: 44727
ipInHdrErrors.0 = Counter32: 0
ipInAddrErrors.0 = Counter32: 0
ipForwDatagrams.0 = Counter32: 0
ipInUnknownProtos.0 = Counter32: 0
ipInDiscards.0 = Counter32: 0
ipInDelivers.0 = Counter32: 44661
ipOutRequests.0 = Counter32: 4665
ipOutDiscards.0 = Counter32: 0
ipOutNoRoutes.0 = Counter32: 0
ipReasmTimeout.0 = INTEGER: 64 seconds
ipReasmReqds.0 = Counter32: 72
ipReasmOKs.0 = Counter32: 0
ipReasmFails.0 = Counter32: 72
ipFragOKs.0 = Counter32: 0
ipFragFails.0 = Counter32: 0
ipFragCreates.0 = Counter32: 0
ipAdEntAddr.127.0.0.1 = IpAddress: 127.0.0.1
ipAdEntAddr.192.168.100.222 = IpAddress: 192.168.100.222
ipAdEntIfIndex.127.0.0.1 = INTEGER: 1
ipAdEntIfIndex.192.168.100.222 = INTEGER: 2
ipAdEntNetMask.127.0.0.1 = IpAddress: 255.255.255.255
ipAdEntNetMask.192.168.100.222 = IpAddress: 255.255.255.0
ipAdEntBcastAddr.127.0.0.1 = INTEGER: 1
ipAdEntBcastAddr.192.168.100.222 = INTEGER: 1
ipAdEntReasmMaxSize.127.0.0.1 = INTEGER: 1500
ipAdEntReasmMaxSize.192.168.100.222 = INTEGER: 1500
ip.21.1.1.127.0.0.1 = IpAddress: 127.0.0.1
ip.21.1.1.192.168.100.0 = IpAddress: 192.168.100.0
ip.21.1.2.127.0.0.1 = INTEGER: 1
ip.21.1.2.192.168.100.0 = INTEGER: 2
ip.21.1.3.127.0.0.1 = INTEGER: 0
ip.21.1.3.192.168.100.0 = INTEGER: 0
ip.21.1.4.127.0.0.1 = INTEGER: 65535
ip.21.1.4.192.168.100.0 = INTEGER: 65535
ip.21.1.5.127.0.0.1 = INTEGER: 65535
ip.21.1.5.192.168.100.0 = INTEGER: 65535
ip.21.1.6.127.0.0.1 = INTEGER: 65535
ip.21.1.6.192.168.100.0 = INTEGER: 65535
ip.21.1.7.127.0.0.1 = IpAddress: 0.0.0.0
ip.21.1.7.192.168.100.0 = IpAddress: 0.0.0.0
ip.21.1.8.127.0.0.1 = INTEGER: 3
ip.21.1.8.192.168.100.0 = INTEGER: 3
ip.21.1.9.127.0.0.1 = INTEGER: 2
ip.21.1.9.192.168.100.0 = INTEGER: 2
ip.21.1.10.127.0.0.1 = INTEGER: 65535
ip.21.1.10.192.168.100.0 = INTEGER: 65535
ip.21.1.11.127.0.0.1 = IpAddress: 255.255.255.255
ip.21.1.11.192.168.100.0 = IpAddress: 255.255.255.255
ip.21.1.12.127.0.0.1 = INTEGER: 65535
ip.21.1.12.192.168.100.0 = INTEGER: 65535
ip.21.1.13.127.0.0.1 = OID: zeroDotZero
ip.21.1.13.192.168.100.0 = OID: zeroDotZero
ipNetToMediaIfIndex.2.192.168.100.122 = INTEGER: 2
ipNetToMediaIfIndex.2.192.168.100.180 = INTEGER: 2
ipNetToMediaPhysAddress.2.192.168.100.122 = STRING: 0:e0:4c:72:7d:5e
ipNetToMediaPhysAddress.2.192.168.100.180 = STRING: f0:2f:74:a4:75:d
ipNetToMediaNetAddress.2.192.168.100.122 = IpAddress: 192.168.100.122
ipNetToMediaNetAddress.2.192.168.100.180 = IpAddress: 192.168.100.180
ipNetToMediaType.2.192.168.100.122 = INTEGER: dynamic(3)
ipNetToMediaType.2.192.168.100.180 = INTEGER: dynamic(3)
ipRoutingDiscards.0 = Counter32: 0
inetCidrRouteNumber.0 = Gauge32: 6
inetCidrRouteIfIndex.ipv4."127.0.0.1".32.1.0.ipv4."127.0.0.1" = INTEGER: 1
inetCidrRouteIfIndex.ipv4."192.168.100.0".24.1.0.ipv4."192.168.100.222" = INTEGER: 2
inetCidrRouteIfIndex.ipv6."00:00:00:00:00:00:00:00:00:00:00:00:00:00:00:00".0.1.0.ipv6."20:01:0d:b8:00:00:00:01:00:00:00:00:00:00:00:01" = INTEGER: 2
inetCidrRouteIfIndex.ipv6."00:00:00:00:00:00:00:00:00:00:00:00:00:00:00:01".128.1.0.ipv6."00:00:00:00:00:00:00:00:00:00:00:00:00:00:00:01" = INTEGER: 1
inetCidrRouteIfIndex.ipv6."20:01:0d:b8:00:00:00:01:00:00:00:00:00:00:00:00".64.1.0.ipv6."20:01:0d:b8:00:00:00:01:2a:29:86:ff:fe:62:22:22" = INTEGER: 2
inetCidrRouteIfIndex.ipv6."fe:80:00:00:02:00:00:00:00:00:00:00:00:00:00:00".64.1.0.ipv6."fe:80:00:00:02:00:00:00:2a:29:86:ff:fe:62:3a:04" = INTEGER: 2
inetCidrRouteType.ipv4."127.0.0.1".32.1.0.ipv4."127.0.0.1" = INTEGER: local(3)
inetCidrRouteType.ipv4."192.168.100.0".24.1.0.ipv4."192.168.100.222" = INTEGER: local(3)
inetCidrRouteType.ipv6."00:00:00:00:00:00:00:00:00:00:00:00:00:00:00:00".0.1.0.ipv6."20:01:0d:b8:00:00:00:01:00:00:00:00:00:00:00:01" = INTEGER: remote(4)
inetCidrRouteType.ipv6."00:00:00:00:00:00:00:00:00:00:00:00:00:00:00:01".128.1.0.ipv6."00:00:00:00:00:00:00:00:00:00:00:00:00:00:00:01" = INTEGER: local(3)
inetCidrRouteType.ipv6."20:01:0d:b8:00:00:00:01:00:00:00:00:00:00:00:00".64.1.0.ipv6."20:01:0d:b8:00:00:00:01:2a:29:86:ff:fe:62:22:22" = INTEGER: local(3)
inetCidrRouteType.ipv6."fe:80:00:00:02:00:00:00:00:00:00:00:00:00:00:00".64.1.0.ipv6."fe:80:00:00:02:00:00:00:2a:29:86:ff:fe:62:3a:04" = INTEGER: local(3)
inetCidrRouteProto.ipv4."127.0.0.1".32.1.0.ipv4."127.0.0.1" = INTEGER: local(2)
inetCidrRouteProto.ipv4."192.168.100.0".24.1.0.ipv4."192.168.100.222" = INTEGER: local(2)
inetCidrRouteProto.ipv6."00:00:00:00:00:00:00:00:00:00:00:00:00:00:00:00".0.1.0.ipv6."20:01:0d:b8:00:00:00:01:00:00:00:00:00:00:00:01" = INTEGER: local(2)
inetCidrRouteProto.ipv6."00:00:00:00:00:00:00:00:00:00:00:00:00:00:00:01".128.1.0.ipv6."00:00:00:00:00:00:00:00:00:00:00:00:00:00:00:01" = INTEGER: local(2)
inetCidrRouteProto.ipv6."20:01:0d:b8:00:00:00:01:00:00:00:00:00:00:00:00".64.1.0.ipv6."20:01:0d:b8:00:00:00:01:2a:29:86:ff:fe:62:22:22" = INTEGER: local(2)
inetCidrRouteProto.ipv6."fe:80:00:00:02:00:00:00:00:00:00:00:00:00:00:00".64.1.0.ipv6."fe:80:00:00:02:00:00:00:2a:29:86:ff:fe:62:3a:04" = INTEGER: local(2)
inetCidrRouteAge.ipv4."127.0.0.1".32.1.0.ipv4."127.0.0.1" = Gauge32: 65535
inetCidrRouteAge.ipv4."192.168.100.0".24.1.0.ipv4."192.168.100.222" = Gauge32: 65535
inetCidrRouteAge.ipv6."00:00:00:00:00:00:00:00:00:00:00:00:00:00:00:00".0.1.0.ipv6."20:01:0d:b8:00:00:00:01:00:00:00:00:00:00:00:01" = Gauge32: 65535
inetCidrRouteAge.ipv6."00:00:00:00:00:00:00:00:00:00:00:00:00:00:00:01".128.1.0.ipv6."00:00:00:00:00:00:00:00:00:00:00:00:00:00:00:01" = Gauge32: 65535
inetCidrRouteAge.ipv6."20:01:0d:b8:00:00:00:01:00:00:00:00:00:00:00:00".64.1.0.ipv6."20:01:0d:b8:00:00:00:01:2a:29:86:ff:fe:62:22:22" = Gauge32: 93600
inetCidrRouteAge.ipv6."fe:80:00:00:02:00:00:00:00:00:00:00:00:00:00:00".64.1.0.ipv6."fe:80:00:00:02:00:00:00:2a:29:86:ff:fe:62:3a:04" = Gauge32: 65535
inetCidrRouteNextHopAS.ipv4."127.0.0.1".32.1.0.ipv4."127.0.0.1" = Gauge32: 0
inetCidrRouteNextHopAS.ipv4."192.168.100.0".24.1.0.ipv4."192.168.100.222" = Gauge32: 0
inetCidrRouteNextHopAS.ipv6."00:00:00:00:00:00:00:00:00:00:00:00:00:00:00:00".0.1.0.ipv6."20:01:0d:b8:00:00:00:01:00:00:00:00:00:00:00:01" = Gauge32: 0
inetCidrRouteNextHopAS.ipv6."00:00:00:00:00:00:00:00:00:00:00:00:00:00:00:01".128.1.0.ipv6."00:00:00:00:00:00:00:00:00:00:00:00:00:00:00:01" = Gauge32: 0
inetCidrRouteNextHopAS.ipv6."20:01:0d:b8:00:00:00:01:00:00:00:00:00:00:00:00".64.1.0.ipv6."20:01:0d:b8:00:00:00:01:2a:29:86:ff:fe:62:22:22" = Gauge32: 0
inetCidrRouteNextHopAS.ipv6."fe:80:00:00:02:00:00:00:00:00:00:00:00:00:00:00".64.1.0.ipv6."fe:80:00:00:02:00:00:00:2a:29:86:ff:fe:62:3a:04" = Gauge32: 0
inetCidrRouteMetric1.ipv4."127.0.0.1".32.1.0.ipv4."127.0.0.1" = INTEGER: 0
inetCidrRouteMetric1.ipv4."192.168.100.0".24.1.0.ipv4."192.168.100.222" = INTEGER: 0
inetCidrRouteMetric1.ipv6."00:00:00:00:00:00:00:00:00:00:00:00:00:00:00:00".0.1.0.ipv6."20:01:0d:b8:00:00:00:01:00:00:00:00:00:00:00:01" = INTEGER: 1
inetCidrRouteMetric1.ipv6."00:00:00:00:00:00:00:00:00:00:00:00:00:00:00:01".128.1.0.ipv6."00:00:00:00:00:00:00:00:00:00:00:00:00:00:00:01" = INTEGER: 0
inetCidrRouteMetric1.ipv6."20:01:0d:b8:00:00:00:01:00:00:00:00:00:00:00:00".64.1.0.ipv6."20:01:0d:b8:00:00:00:01:2a:29:86:ff:fe:62:22:22" = INTEGER: 0
inetCidrRouteMetric1.ipv6."fe:80:00:00:02:00:00:00:00:00:00:00:00:00:00:00".64.1.0.ipv6."fe:80:00:00:02:00:00:00:2a:29:86:ff:fe:62:3a:04" = INTEGER: 0
inetCidrRouteMetric2.ipv4."127.0.0.1".32.1.0.ipv4."127.0.0.1" = INTEGER: -1
inetCidrRouteMetric2.ipv4."192.168.100.0".24.1.0.ipv4."192.168.100.222" = INTEGER: -1
inetCidrRouteMetric2.ipv6."00:00:00:00:00:00:00:00:00:00:00:00:00:00:00:00".0.1.0.ipv6."20:01:0d:b8:00:00:00:01:00:00:00:00:00:00:00:01" = INTEGER: -1
inetCidrRouteMetric2.ipv6."00:00:00:00:00:00:00:00:00:00:00:00:00:00:00:01".128.1.0.ipv6."00:00:00:00:00:00:00:00:00:00:00:00:00:00:00:01" = INTEGER: -1
inetCidrRouteMetric2.ipv6."20:01:0d:b8:00:00:00:01:00:00:00:00:00:00:00:00".64.1.0.ipv6."20:01:0d:b8:00:00:00:01:2a:29:86:ff:fe:62:22:22" = INTEGER: -1
inetCidrRouteMetric2.ipv6."fe:80:00:00:02:00:00:00:00:00:00:00:00:00:00:00".64.1.0.ipv6."fe:80:00:00:02:00:00:00:2a:29:86:ff:fe:62:3a:04" = INTEGER: -1
inetCidrRouteMetric3.ipv4."127.0.0.1".32.1.0.ipv4."127.0.0.1" = INTEGER: -1
inetCidrRouteMetric3.ipv4."192.168.100.0".24.1.0.ipv4."192.168.100.222" = INTEGER: -1
inetCidrRouteMetric3.ipv6."00:00:00:00:00:00:00:00:00:00:00:00:00:00:00:00".0.1.0.ipv6."20:01:0d:b8:00:00:00:01:00:00:00:00:00:00:00:01" = INTEGER: -1
inetCidrRouteMetric3.ipv6."00:00:00:00:00:00:00:00:00:00:00:00:00:00:00:01".128.1.0.ipv6."00:00:00:00:00:00:00:00:00:00:00:00:00:00:00:01" = INTEGER: -1
inetCidrRouteMetric3.ipv6."20:01:0d:b8:00:00:00:01:00:00:00:00:00:00:00:00".64.1.0.ipv6."20:01:0d:b8:00:00:00:01:2a:29:86:ff:fe:62:22:22" = INTEGER: -1
inetCidrRouteMetric3.ipv6."fe:80:00:00:02:00:00:00:00:00:00:00:00:00:00:00".64.1.0.ipv6."fe:80:00:00:02:00:00:00:2a:29:86:ff:fe:62:3a:04" = INTEGER: -1
inetCidrRouteMetric4.ipv4."127.0.0.1".32.1.0.ipv4."127.0.0.1" = INTEGER: -1
inetCidrRouteMetric4.ipv4."192.168.100.0".24.1.0.ipv4."192.168.100.222" = INTEGER: -1
inetCidrRouteMetric4.ipv6."00:00:00:00:00:00:00:00:00:00:00:00:00:00:00:00".0.1.0.ipv6."20:01:0d:b8:00:00:00:01:00:00:00:00:00:00:00:01" = INTEGER: -1
inetCidrRouteMetric4.ipv6."00:00:00:00:00:00:00:00:00:00:00:00:00:00:00:01".128.1.0.ipv6."00:00:00:00:00:00:00:00:00:00:00:00:00:00:00:01" = INTEGER: -1
inetCidrRouteMetric4.ipv6."20:01:0d:b8:00:00:00:01:00:00:00:00:00:00:00:00".64.1.0.ipv6."20:01:0d:b8:00:00:00:01:2a:29:86:ff:fe:62:22:22" = INTEGER: -1
inetCidrRouteMetric4.ipv6."fe:80:00:00:02:00:00:00:00:00:00:00:00:00:00:00".64.1.0.ipv6."fe:80:00:00:02:00:00:00:2a:29:86:ff:fe:62:3a:04" = INTEGER: -1
inetCidrRouteMetric5.ipv4."127.0.0.1".32.1.0.ipv4."127.0.0.1" = INTEGER: -1
inetCidrRouteMetric5.ipv4."192.168.100.0".24.1.0.ipv4."192.168.100.222" = INTEGER: -1
inetCidrRouteMetric5.ipv6."00:00:00:00:00:00:00:00:00:00:00:00:00:00:00:00".0.1.0.ipv6."20:01:0d:b8:00:00:00:01:00:00:00:00:00:00:00:01" = INTEGER: -1
inetCidrRouteMetric5.ipv6."00:00:00:00:00:00:00:00:00:00:00:00:00:00:00:01".128.1.0.ipv6."00:00:00:00:00:00:00:00:00:00:00:00:00:00:00:01" = INTEGER: -1
inetCidrRouteMetric5.ipv6."20:01:0d:b8:00:00:00:01:00:00:00:00:00:00:00:00".64.1.0.ipv6."20:01:0d:b8:00:00:00:01:2a:29:86:ff:fe:62:22:22" = INTEGER: -1
inetCidrRouteMetric5.ipv6."fe:80:00:00:02:00:00:00:00:00:00:00:00:00:00:00".64.1.0.ipv6."fe:80:00:00:02:00:00:00:2a:29:86:ff:fe:62:3a:04" = INTEGER: -1
inetCidrRouteStatus.ipv4."127.0.0.1".32.1.0.ipv4."127.0.0.1" = INTEGER: active(1)
inetCidrRouteStatus.ipv4."192.168.100.0".24.1.0.ipv4."192.168.100.222" = INTEGER: active(1)
inetCidrRouteStatus.ipv6."00:00:00:00:00:00:00:00:00:00:00:00:00:00:00:00".0.1.0.ipv6."20:01:0d:b8:00:00:00:01:00:00:00:00:00:00:00:01" = INTEGER: active(1)
inetCidrRouteStatus.ipv6."00:00:00:00:00:00:00:00:00:00:00:00:00:00:00:01".128.1.0.ipv6."00:00:00:00:00:00:00:00:00:00:00:00:00:00:00:01" = INTEGER: active(1)
inetCidrRouteStatus.ipv6."20:01:0d:b8:00:00:00:01:00:00:00:00:00:00:00:00".64.1.0.ipv6."20:01:0d:b8:00:00:00:01:2a:29:86:ff:fe:62:22:22" = INTEGER: active(1)
inetCidrRouteStatus.ipv6."fe:80:00:00:02:00:00:00:00:00:00:00:00:00:00:00".64.1.0.ipv6."fe:80:00:00:02:00:00:00:2a:29:86:ff:fe:62:3a:04" = INTEGER: active(1)
inetCidrRouteDiscards.0 = Counter32: 0
ipv6IpForwarding.0 = INTEGER: notForwarding(2)
ipv6IpDefaultHopLimit.0 = INTEGER: 0
ipv4InterfaceTableLastChange.0 = Timeticks: (0) 0:00:00.00
ipv4InterfaceReasmMaxSize.1 = INTEGER: 1500
ipv4InterfaceEnableStatus.1 = INTEGER: up(1)
ipv4InterfaceRetransmitTime.1 = Gauge32: 1000 milliseconds
ipv6InterfaceTableLastChange.0 = Timeticks: (0) 0:00:00.00
ipv6InterfaceReasmMaxSize.1 = Gauge32: 1500 octets
ipv6InterfaceIdentifier.1 = STRING: 0:0:0:0
ipv6InterfaceEnableStatus.1 = INTEGER: up(1)
ipv6InterfaceReachableTime.1 = Gauge32: 33277 milliseconds
ipv6InterfaceRetransmitTime.1 = Gauge32: 4000 milliseconds
ipv6InterfaceForwarding.1 = INTEGER: notForwarding(2)
ipSystemStatsInReceives.ipv4 = Counter32: 0
ipSystemStatsInReceives.ipv6 = Counter32: 1324
ipSystemStatsHCInReceives.ipv4 = Counter64: 0
ipSystemStatsHCInReceives.ipv6 = Counter64: 1324
ipSystemStatsInOctets.ipv4 = Counter32: 4773624
ipSystemStatsInOctets.ipv6 = Counter32: 0
ipSystemStatsHCInOctets.ipv4 = Counter64: 4773800
ipSystemStatsHCInOctets.ipv6 = Counter64: 0
ipSystemStatsInHdrErrors.ipv4 = Counter32: 0
ipSystemStatsInHdrErrors.ipv6 = Counter32: 0
ipSystemStatsInNoRoutes.ipv4 = Counter32: 0
ipSystemStatsInNoRoutes.ipv6 = Counter32: 0
ipSystemStatsInAddrErrors.ipv4 = Counter32: 0
ipSystemStatsInAddrErrors.ipv6 = Counter32: 0
ipSystemStatsInUnknownProtos.ipv4 = Counter32: 0
ipSystemStatsInUnknownProtos.ipv6 = Counter32: 0
ipSystemStatsInTruncatedPkts.ipv4 = Counter32: 0
ipSystemStatsInTruncatedPkts.ipv6 = Counter32: 0
ipSystemStatsInForwDatagrams.ipv4 = Counter32: 0
ipSystemStatsInForwDatagrams.ipv6 = Counter32: 0
ipSystemStatsHCInForwDatagrams.ipv4 = Counter64: 0
ipSystemStatsHCInForwDatagrams.ipv6 = Counter64: 0
ipSystemStatsReasmReqds.ipv4 = Counter32: 0
ipSystemStatsReasmReqds.ipv6 = Counter32: 0
ipSystemStatsReasmOKs.ipv4 = Counter32: 0
ipSystemStatsReasmOKs.ipv6 = Counter32: 0
ipSystemStatsReasmFails.ipv4 = Counter32: 0
ipSystemStatsReasmFails.ipv6 = Counter32: 0
ipSystemStatsInDiscards.ipv4 = Counter32: 0
ipSystemStatsInDiscards.ipv6 = Counter32: 0
ipSystemStatsInDelivers.ipv4 = Counter32: 44830
ipSystemStatsInDelivers.ipv6 = Counter32: 1041
ipSystemStatsHCInDelivers.ipv4 = Counter64: 0
ipSystemStatsHCInDelivers.ipv6 = Counter64: 1324
ipSystemStatsOutRequests.ipv4 = Counter32: 4835
ipSystemStatsOutRequests.ipv6 = Counter32: 19
ipSystemStatsHCOutRequests.ipv4 = Counter64: 4837
ipSystemStatsHCOutRequests.ipv6 = Counter64: 19
ipSystemStatsOutNoRoutes.ipv4 = Counter32: 0
ipSystemStatsOutNoRoutes.ipv6 = Counter32: 0
ipSystemStatsOutForwDatagrams.ipv4 = Counter32: 0
ipSystemStatsOutForwDatagrams.ipv6 = Counter32: 0
ipSystemStatsHCOutForwDatagrams.ipv4 = Counter64: 0
ipSystemStatsHCOutForwDatagrams.ipv6 = Counter64: 0
ipSystemStatsOutDiscards.ipv4 = Counter32: 0
ipSystemStatsOutDiscards.ipv6 = Counter32: 0
ipSystemStatsOutFragReqds.ipv4 = Counter32: 0
ipSystemStatsOutFragReqds.ipv6 = Counter32: 0
ipSystemStatsOutFragOKs.ipv4 = Counter32: 0
ipSystemStatsOutFragOKs.ipv6 = Counter32: 0
ipSystemStatsOutFragFails.ipv4 = Counter32: 0
ipSystemStatsOutFragFails.ipv6 = Counter32: 0
ipSystemStatsOutFragCreates.ipv4 = Counter32: 0
ipSystemStatsOutFragCreates.ipv6 = Counter32: 0
ipSystemStatsOutTransmits.ipv4 = Counter32: 0
ipSystemStatsOutTransmits.ipv6 = Counter32: 0
ipSystemStatsHCOutTransmits.ipv4 = Counter64: 0
ipSystemStatsHCOutTransmits.ipv6 = Counter64: 0
ipSystemStatsOutOctets.ipv4 = Counter32: 1421207
ipSystemStatsOutOctets.ipv6 = Counter32: 0
ipSystemStatsHCOutOctets.ipv4 = Counter64: 1421387
ipSystemStatsHCOutOctets.ipv6 = Counter64: 0
ipSystemStatsInMcastPkts.ipv4 = Counter32: 1000
ipSystemStatsInMcastPkts.ipv6 = Counter32: 1039
ipSystemStatsHCInMcastPkts.ipv4 = Counter64: 1000
ipSystemStatsHCInMcastPkts.ipv6 = Counter64: 1039
ipSystemStatsInMcastOctets.ipv4 = Counter32: 0
ipSystemStatsInMcastOctets.ipv6 = Counter32: 0
ipSystemStatsHCInMcastOctets.ipv4 = Counter64: 0
ipSystemStatsHCInMcastOctets.ipv6 = Counter64: 0
ipSystemStatsOutMcastPkts.ipv4 = Counter32: 1
ipSystemStatsOutMcastPkts.ipv6 = Counter32: 17
ipSystemStatsHCOutMcastPkts.ipv4 = Counter64: 1
ipSystemStatsHCOutMcastPkts.ipv6 = Counter64: 17
ipSystemStatsOutMcastOctets.ipv4 = Counter32: 0
ipSystemStatsOutMcastOctets.ipv6 = Counter32: 0
ipSystemStatsHCOutMcastOctets.ipv4 = Counter64: 0
ipSystemStatsHCOutMcastOctets.ipv6 = Counter64: 0
ipSystemStatsInBcastPkts.ipv4 = Counter32: 39026
ipSystemStatsInBcastPkts.ipv6 = Counter32: 0
ipSystemStatsHCInBcastPkts.ipv4 = Counter64: 39026
ipSystemStatsHCInBcastPkts.ipv6 = Counter64: 0
ipSystemStatsOutBcastPkts.ipv4 = Counter32: 9
ipSystemStatsOutBcastPkts.ipv6 = Counter32: 0
ipSystemStatsHCOutBcastPkts.ipv4 = Counter64: 9
ipSystemStatsHCOutBcastPkts.ipv6 = Counter64: 0
ipSystemStatsDiscontinuityTime.ipv4 = Timeticks: (0) 0:00:00.00
ipSystemStatsDiscontinuityTime.ipv6 = Timeticks: (0) 0:00:00.00
ipSystemStatsRefreshRate.ipv4 = Gauge32: 0 milli-seconds
ipSystemStatsRefreshRate.ipv6 = Gauge32: 0 milli-seconds
ipIfStatsInReceives.ipv4.1 = Counter32: 0
ipIfStatsInReceives.ipv6.1 = Counter32: 0
ipIfStatsHCInReceives.ipv4.1 = Counter64: 0
ipIfStatsHCInReceives.ipv6.1 = Counter64: 0
ipIfStatsInOctets.ipv4.1 = Counter32: 37296
ipIfStatsInOctets.ipv6.1 = Counter32: 0
ipIfStatsHCInOctets.ipv4.1 = Counter64: 37296
ipIfStatsHCInOctets.ipv6.1 = Counter64: 0
ipIfStatsInHdrErrors.ipv4.1 = Counter32: 0
ipIfStatsInHdrErrors.ipv6.1 = Counter32: 0
ipIfStatsInNoRoutes.ipv4.1 = Counter32: 0
ipIfStatsInNoRoutes.ipv6.1 = Counter32: 0
ipIfStatsInAddrErrors.ipv4.1 = Counter32: 0
ipIfStatsInAddrErrors.ipv6.1 = Counter32: 0
ipIfStatsInUnknownProtos.ipv4.1 = Counter32: 0
ipIfStatsInUnknownProtos.ipv6.1 = Counter32: 0
ipIfStatsInTruncatedPkts.ipv4.1 = Counter32: 0
ipIfStatsInTruncatedPkts.ipv6.1 = Counter32: 0
ipIfStatsInForwDatagrams.ipv4.1 = Counter32: 0
ipIfStatsInForwDatagrams.ipv6.1 = Counter32: 0
ipIfStatsHCInForwDatagrams.ipv4.1 = Counter64: 0
ipIfStatsHCInForwDatagrams.ipv6.1 = Counter64: 0
ipIfStatsReasmReqds.ipv4.1 = Counter32: 0
ipIfStatsReasmReqds.ipv6.1 = Counter32: 0
ipIfStatsReasmOKs.ipv4.1 = Counter32: 0
ipIfStatsReasmOKs.ipv6.1 = Counter32: 0
ipIfStatsReasmFails.ipv4.1 = Counter32: 0
ipIfStatsReasmFails.ipv6.1 = Counter32: 0
ipIfStatsInDiscards.ipv4.1 = Counter32: 0
ipIfStatsInDiscards.ipv6.1 = Counter32: 0
ipIfStatsInDelivers.ipv4.1 = Counter32: 0
ipIfStatsInDelivers.ipv6.1 = Counter32: 0
ipIfStatsHCInDelivers.ipv4.1 = Counter64: 0
ipIfStatsHCInDelivers.ipv6.1 = Counter64: 0
ipIfStatsOutRequests.ipv4.1 = Counter32: 444
ipIfStatsOutRequests.ipv6.1 = Counter32: 0
ipIfStatsHCOutRequests.ipv4.1 = Counter64: 444
ipIfStatsHCOutRequests.ipv6.1 = Counter64: 0
ipIfStatsOutForwDatagrams.ipv4.1 = Counter32: 0
ipIfStatsOutForwDatagrams.ipv6.1 = Counter32: 0
ipIfStatsHCOutForwDatagrams.ipv4.1 = Counter64: 0
ipIfStatsHCOutForwDatagrams.ipv6.1 = Counter64: 0
ipIfStatsOutDiscards.ipv4.1 = Counter32: 0
ipIfStatsOutDiscards.ipv6.1 = Counter32: 0
ipIfStatsOutFragReqds.ipv4.1 = Counter32: 0
ipIfStatsOutFragReqds.ipv6.1 = Counter32: 0
ipIfStatsOutFragOKs.ipv4.1 = Counter32: 0
ipIfStatsOutFragOKs.ipv6.1 = Counter32: 0
ipIfStatsOutFragFails.ipv4.1 = Counter32: 0
ipIfStatsOutFragFails.ipv6.1 = Counter32: 0
ipIfStatsOutFragCreates.ipv4.1 = Counter32: 0
ipIfStatsOutFragCreates.ipv6.1 = Counter32: 0
ipIfStatsOutTransmits.ipv4.1 = Counter32: 0
ipIfStatsOutTransmits.ipv6.1 = Counter32: 0
ipIfStatsHCOutTransmits.ipv4.1 = Counter64: 0
ipIfStatsHCOutTransmits.ipv6.1 = Counter64: 0
ipIfStatsOutOctets.ipv4.1 = Counter32: 37296
ipIfStatsOutOctets.ipv6.1 = Counter32: 0
ipIfStatsHCOutOctets.ipv4.1 = Counter64: 37296
ipIfStatsHCOutOctets.ipv6.1 = Counter64: 0
ipIfStatsInMcastPkts.ipv4.1 = Counter32: 0
ipIfStatsInMcastPkts.ipv6.1 = Counter32: 0
ipIfStatsHCInMcastPkts.ipv4.1 = Counter64: 0
ipIfStatsHCInMcastPkts.ipv6.1 = Counter64: 0
ipIfStatsInMcastOctets.ipv4.1 = Counter32: 0
ipIfStatsInMcastOctets.ipv6.1 = Counter32: 0
ipIfStatsHCInMcastOctets.ipv4.1 = Counter64: 0
ipIfStatsHCInMcastOctets.ipv6.1 = Counter64: 0
ipIfStatsOutMcastPkts.ipv4.1 = Counter32: 0
ipIfStatsOutMcastPkts.ipv6.1 = Counter32: 0
ipIfStatsHCOutMcastPkts.ipv4.1 = Counter64: 0
ipIfStatsHCOutMcastPkts.ipv6.1 = Counter64: 0
ipIfStatsOutMcastOctets.ipv4.1 = Counter32: 0
ipIfStatsOutMcastOctets.ipv6.1 = Counter32: 0
ipIfStatsHCOutMcastOctets.ipv4.1 = Counter64: 0
ipIfStatsHCOutMcastOctets.ipv6.1 = Counter64: 0
ipIfStatsInBcastPkts.ipv4.1 = Counter32: 0
ipIfStatsInBcastPkts.ipv6.1 = Counter32: 0
ipIfStatsHCInBcastPkts.ipv4.1 = Counter64: 0
ipIfStatsHCInBcastPkts.ipv6.1 = Counter64: 0
ipIfStatsOutBcastPkts.ipv4.1 = Counter32: 0
ipIfStatsOutBcastPkts.ipv6.1 = Counter32: 0
ipIfStatsHCOutBcastPkts.ipv4.1 = Counter64: 0
ipIfStatsHCOutBcastPkts.ipv6.1 = Counter64: 0
ipIfStatsDiscontinuityTime.ipv4.1 = Timeticks: (0) 0:00:00.00
ipIfStatsDiscontinuityTime.ipv6.1 = Timeticks: (0) 0:00:00.00
ipIfStatsRefreshRate.ipv4.1 = Gauge32: 0 milli-seconds
ipIfStatsRefreshRate.ipv6.1 = Gauge32: 0 milli-seconds
ipAddressSpinLock.0 = INTEGER: 0
ipAddressIfIndex.ipv4."127.0.0.1" = INTEGER: 1
ipAddressIfIndex.ipv4."192.168.100.222" = INTEGER: 2
ipAddressIfIndex.ipv6."00:00:00:00:00:00:00:00:00:00:00:00:00:00:00:00" = INTEGER: 2
ipAddressIfIndex.ipv6."20:01:0d:b8:00:00:00:01:2a:29:86:ff:fe:62:22:22" = INTEGER: 2
ipAddressType.ipv4."127.0.0.1" = INTEGER: unicast(1)
ipAddressType.ipv4."192.168.100.222" = INTEGER: unicast(1)
ipAddressType.ipv6."00:00:00:00:00:00:00:00:00:00:00:00:00:00:00:00" = INTEGER: unicast(1)
ipAddressType.ipv6."20:01:0d:b8:00:00:00:01:2a:29:86:ff:fe:62:22:22" = INTEGER: unicast(1)
ipAddressPrefix.ipv4."127.0.0.1" = OID: zeroDotZero
ipAddressPrefix.ipv4."192.168.100.222" = OID: zeroDotZero
ipAddressPrefix.ipv6."00:00:00:00:00:00:00:00:00:00:00:00:00:00:00:00" = OID: zeroDotZero
ipAddressPrefix.ipv6."20:01:0d:b8:00:00:00:01:2a:29:86:ff:fe:62:22:22" = OID: zeroDotZero
ipAddressOrigin.ipv4."127.0.0.1" = INTEGER: manual(2)
ipAddressOrigin.ipv4."192.168.100.222" = INTEGER: manual(2)
ipAddressOrigin.ipv6."00:00:00:00:00:00:00:00:00:00:00:00:00:00:00:00" = INTEGER: manual(2)
ipAddressOrigin.ipv6."20:01:0d:b8:00:00:00:01:2a:29:86:ff:fe:62:22:22" = INTEGER: manual(2)
ipAddressStatus.ipv4."127.0.0.1" = INTEGER: preferred(1)
ipAddressStatus.ipv4."192.168.100.222" = INTEGER: preferred(1)
ipAddressStatus.ipv6."00:00:00:00:00:00:00:00:00:00:00:00:00:00:00:00" = INTEGER: preferred(1)
ipAddressStatus.ipv6."20:01:0d:b8:00:00:00:01:2a:29:86:ff:fe:62:22:22" = INTEGER: preferred(1)
ipAddressCreated.ipv4."127.0.0.1" = Timeticks: (0) 0:00:00.00
ipAddressCreated.ipv4."192.168.100.222" = Timeticks: (0) 0:00:00.00
ipAddressCreated.ipv6."00:00:00:00:00:00:00:00:00:00:00:00:00:00:00:00" = Timeticks: (0) 0:00:00.00
ipAddressCreated.ipv6."20:01:0d:b8:00:00:00:01:2a:29:86:ff:fe:62:22:22" = Timeticks: (0) 0:00:00.00
ipAddressLastChanged.ipv4."127.0.0.1" = Timeticks: (0) 0:00:00.00
ipAddressLastChanged.ipv4."192.168.100.222" = Timeticks: (0) 0:00:00.00
ipAddressLastChanged.ipv6."00:00:00:00:00:00:00:00:00:00:00:00:00:00:00:00" = Timeticks: (0) 0:00:00.00
ipAddressLastChanged.ipv6."20:01:0d:b8:00:00:00:01:2a:29:86:ff:fe:62:22:22" = Timeticks: (0) 0:00:00.00
ipAddressRowStatus.ipv4."127.0.0.1" = INTEGER: active(1)
ipAddressRowStatus.ipv4."192.168.100.222" = INTEGER: active(1)
ipAddressRowStatus.ipv6."00:00:00:00:00:00:00:00:00:00:00:00:00:00:00:00" = INTEGER: active(1)
ipAddressRowStatus.ipv6."20:01:0d:b8:00:00:00:01:2a:29:86:ff:fe:62:22:22" = INTEGER: active(1)
ipAddressStorageType.ipv4."127.0.0.1" = INTEGER: readOnly(5)
ipAddressStorageType.ipv4."192.168.100.222" = INTEGER: readOnly(5)
ipAddressStorageType.ipv6."00:00:00:00:00:00:00:00:00:00:00:00:00:00:00:00" = INTEGER: readOnly(5)
ipAddressStorageType.ipv6."20:01:0d:b8:00:00:00:01:2a:29:86:ff:fe:62:22:22" = INTEGER: readOnly(5)
ipNetToPhysicalPhysAddress.2.ipv4."192.168.100.122" = STRING: 0:e0:4c:72:7d:5e
ipNetToPhysicalPhysAddress.2.ipv4."192.168.100.180" = STRING: f0:2f:74:a4:75:d
ipNetToPhysicalLastUpdated.2.ipv4."192.168.100.122" = Timeticks: (0) 0:00:00.00
ipNetToPhysicalLastUpdated.2.ipv4."192.168.100.180" = Timeticks: (0) 0:00:00.00
ipNetToPhysicalType.2.ipv4."192.168.100.122" = INTEGER: dynamic(3)
ipNetToPhysicalType.2.ipv4."192.168.100.180" = INTEGER: dynamic(3)
ipNetToPhysicalState.2.ipv4."192.168.100.122" = INTEGER: unknown(6)
ipNetToPhysicalState.2.ipv4."192.168.100.180" = INTEGER: unknown(6)
ipNetToPhysicalRowStatus.2.ipv4."192.168.100.122" = INTEGER: active(1)
ipNetToPhysicalRowStatus.2.ipv4."192.168.100.180" = INTEGER: active(1)
ipv6ScopeZoneIndexLinkLocal.1 = Gauge32: 0
ipv6ScopeZoneIndex3.1 = Gauge32: 0
ipv6ScopeZoneIndexAdminLocal.1 = Gauge32: 0
ipv6ScopeZoneIndexSiteLocal.1 = Gauge32: 0
ipv6ScopeZoneIndex6.1 = Gauge32: 0
ipv6ScopeZoneIndex7.1 = Gauge32: 0
ipv6ScopeZoneIndexOrganizationLocal.1 = Gauge32: 0
ipv6ScopeZoneIndex9.1 = Gauge32: 0
ipv6ScopeZoneIndexA.1 = Gauge32: 0
ipv6ScopeZoneIndexB.1 = Gauge32: 0
ipv6ScopeZoneIndexC.1 = Gauge32: 0
ipv6ScopeZoneIndexD.1 = Gauge32: 0
icmpInMsgs.0 = Counter32: 448
icmpInErrors.0 = Counter32: 0
icmpInDestUnreachs.0 = Counter32: 2
icmpInTimeExcds.0 = Counter32: 0
icmpInParmProbs.0 = Counter32: 0
icmpInSrcQuenchs.0 = Counter32: 0
icmpInRedirects.0 = Counter32: 0
icmpInEchos.0 = Counter32: 224
icmpInEchoReps.0 = Counter32: 222
icmpInTimestamps.0 = Counter32: 0
icmpInTimestampReps.0 = Counter32: 0
icmpInAddrMasks.0 = Counter32: 0
icmpInAddrMaskReps.0 = Counter32: 0
icmpOutMsgs.0 = Counter32: 453
icmpOutErrors.0 = Counter32: 0
icmpOutDestUnreachs.0 = Counter32: 7
icmpOutTimeExcds.0 = Counter32: 0
icmpOutParmProbs.0 = Counter32: 0
icmpOutSrcQuenchs.0 = Counter32: 0
icmpOutRedirects.0 = Counter32: 0
icmpOutEchos.0 = Counter32: 222
icmpOutEchoReps.0 = Counter32: 224
icmpOutTimestamps.0 = Counter32: 0
icmpOutTimestampReps.0 = Counter32: 0
icmpOutAddrMasks.0 = Counter32: 0
icmpOutAddrMaskReps.0 = Counter32: 0
icmpStatsInMsgs.ipv4 = Counter32: 448
icmpStatsInMsgs.ipv6 = Counter32: 1041
icmpStatsInErrors.ipv4 = Counter32: 0
icmpStatsInErrors.ipv6 = Counter32: 0
icmpStatsOutMsgs.ipv4 = Counter32: 453
icmpStatsOutMsgs.ipv6 = Counter32: 8
icmpStatsOutErrors.ipv4 = Counter32: 0
icmpStatsOutErrors.ipv6 = Counter32: 0
icmpMsgStatsInPkts.ipv4.0 = Counter32: 222
icmpMsgStatsInPkts.ipv4.3 = Counter32: 2
icmpMsgStatsInPkts.ipv4.4 = Counter32: 0
icmpMsgStatsInPkts.ipv4.5 = Counter32: 0
icmpMsgStatsInPkts.ipv4.8 = Counter32: 224
icmpMsgStatsInPkts.ipv4.9 = Counter32: 0
icmpMsgStatsInPkts.ipv4.10 = Counter32: 0
icmpMsgStatsInPkts.ipv4.11 = Counter32: 0
icmpMsgStatsInPkts.ipv4.12 = Counter32: 0
icmpMsgStatsInPkts.ipv4.13 = Counter32: 0
icmpMsgStatsInPkts.ipv4.14 = Counter32: 0
icmpMsgStatsInPkts.ipv4.15 = Counter32: 0
icmpMsgStatsInPkts.ipv4.16 = Counter32: 0
icmpMsgStatsInPkts.ipv4.17 = Counter32: 0
icmpMsgStatsInPkts.ipv4.18 = Counter32: 0
icmpMsgStatsInPkts.ipv6.1 = Counter32: 0
icmpMsgStatsInPkts.ipv6.2 = Counter32: 0
icmpMsgStatsInPkts.ipv6.3 = Counter32: 0
icmpMsgStatsInPkts.ipv6.4 = Counter32: 0
icmpMsgStatsInPkts.ipv6.128 = Counter32: 0
icmpMsgStatsInPkts.ipv6.129 = Counter32: 0
icmpMsgStatsInPkts.ipv6.130 = Counter32: 0
icmpMsgStatsInPkts.ipv6.131 = Counter32: 0
icmpMsgStatsInPkts.ipv6.132 = Counter32: 0
icmpMsgStatsInPkts.ipv6.133 = Counter32: 0
icmpMsgStatsInPkts.ipv6.134 = Counter32: 917
icmpMsgStatsInPkts.ipv6.135 = Counter32: 1
icmpMsgStatsInPkts.ipv6.136 = Counter32: 123
icmpMsgStatsInPkts.ipv6.137 = Counter32: 0
icmpMsgStatsOutPkts.ipv4.0 = Counter32: 224
icmpMsgStatsOutPkts.ipv4.3 = Counter32: 7
icmpMsgStatsOutPkts.ipv4.4 = Counter32: 0
icmpMsgStatsOutPkts.ipv4.5 = Counter32: 0
icmpMsgStatsOutPkts.ipv4.8 = Counter32: 222
icmpMsgStatsOutPkts.ipv4.9 = Counter32: 0
icmpMsgStatsOutPkts.ipv4.10 = Counter32: 0
icmpMsgStatsOutPkts.ipv4.11 = Counter32: 0
icmpMsgStatsOutPkts.ipv4.12 = Counter32: 0
icmpMsgStatsOutPkts.ipv4.13 = Counter32: 0
icmpMsgStatsOutPkts.ipv4.14 = Counter32: 0
icmpMsgStatsOutPkts.ipv4.15 = Counter32: 0
icmpMsgStatsOutPkts.ipv4.16 = Counter32: 0
icmpMsgStatsOutPkts.ipv4.17 = Counter32: 0
icmpMsgStatsOutPkts.ipv4.18 = Counter32: 0
icmpMsgStatsOutPkts.ipv6.1 = Counter32: 0
icmpMsgStatsOutPkts.ipv6.2 = Counter32: 0
icmpMsgStatsOutPkts.ipv6.3 = Counter32: 0
icmpMsgStatsOutPkts.ipv6.4 = Counter32: 0
icmpMsgStatsOutPkts.ipv6.128 = Counter32: 0
icmpMsgStatsOutPkts.ipv6.129 = Counter32: 0
icmpMsgStatsOutPkts.ipv6.130 = Counter32: 0
icmpMsgStatsOutPkts.ipv6.131 = Counter32: 8
icmpMsgStatsOutPkts.ipv6.132 = Counter32: 0
icmpMsgStatsOutPkts.ipv6.133 = Counter32: 0
icmpMsgStatsOutPkts.ipv6.134 = Counter32: 0
icmpMsgStatsOutPkts.ipv6.135 = Counter32: 0
icmpMsgStatsOutPkts.ipv6.136 = Counter32: 0
icmpMsgStatsOutPkts.ipv6.137 = Counter32: 0
tcpRtoAlgorithm.0 = INTEGER: vanj(4)
tcpRtoMin.0 = INTEGER: 1000 milliseconds
tcpRtoMax.0 = INTEGER: 60000 milliseconds
tcpMaxConn.0 = INTEGER: -1
tcpActiveOpens.0 = Counter32: 0
tcpPassiveOpens.0 = Counter32: 50
tcpAttemptFails.0 = Counter32: 0
tcpEstabResets.0 = Counter32: 26
tcpCurrEstab.0 = Gauge32: 0
tcpInSegs.0 = Counter32: 1731
tcpOutSegs.0 = Counter32: 1516
tcpRetransSegs.0 = Counter32: 0
tcpInErrs.0 = Counter32: 0
tcpOutRsts.0 = Counter32: 10
tcpHCInSegs.0 = Counter64: 1731
tcpHCOutSegs.0 = Counter64: 1516
udpInDatagrams.0 = Counter32: 3354
udpNoPorts.0 = Counter32: 38615
udpInErrors.0 = Counter32: 0
udpOutDatagrams.0 = Counter32: 2993
udpHCInDatagrams.0 = Counter64: 3358
udpHCOutDatagrams.0 = Counter64: 2995
snmpInPkts.0 = Counter32: 3360
snmpOutPkts.0 = Counter32: 2997
snmpInBadVersions.0 = Counter32: 0
snmpInBadCommunityNames.0 = Counter32: 0
snmpInBadCommunityUses.0 = Counter32: 35
snmpInASNParseErrs.0 = Counter32: 0
snmpInTooBigs.0 = Counter32: 0
snmpInNoSuchNames.0 = Counter32: 0
snmpInBadValues.0 = Counter32: 0
snmpInReadOnlys.0 = Counter32: 0
snmpInGenErrs.0 = Counter32: 0
snmpInTotalReqVars.0 = Counter32: 3004
snmpInTotalSetVars.0 = Counter32: 0
snmpInGetRequests.0 = Counter32: 56
snmpInGetNexts.0 = Counter32: 2955
snmpInSetRequests.0 = Counter32: 0
snmpInGetResponses.0 = Counter32: 0
snmpInTraps.0 = Counter32: 0
snmpOutTooBigs.0 = Counter32: 0
snmpOutNoSuchNames.0 = Counter32: 35
snmpOutBadValues.0 = Counter32: 0
snmpOutGenErrs.0 = Counter32: 0
snmpOutGetRequests.0 = Counter32: 0
snmpOutGetNexts.0 = Counter32: 0
snmpOutSetRequests.0 = Counter32: 0
snmpOutGetResponses.0 = Counter32: 3021
snmpOutTraps.0 = Counter32: 0
snmpEnableAuthenTraps.0 = INTEGER: enabled(1)
snmpSilentDrops.0 = Counter32: 363
snmpProxyDrops.0 = Counter32: 0
