.1.3.6.1.2.1.1.1.0 = STRING: APC Web/SNMP Management Card (MB:v4.1.0 PF:v7.0.4 PN:apc_hw05_aos_704.bin AF1:v7.0.6 AN1:apc_hw05_rpdu2g_706.bin MN:AP7921B HR:B2 SN: 0A2207G10614 MD:02/18/2022) 
.1.3.6.1.2.1.1.2.0 = OID: .1.3.6.1.4.1.318.1.3.4.8
.1.3.6.1.2.1.1.3.0 = Timeticks: (6032770) 16:45:27.70
.1.3.6.1.2.1.1.4.0 = STRING: Unknown
.1.3.6.1.2.1.1.5.0 = STRING: apc623A04
.1.3.6.1.2.1.1.6.0 = STRING: Unknown
.1.3.6.1.2.1.1.7.0 = INTEGER: 72
.1.3.6.1.2.1.1.8.0 = Timeticks: (0) 0:00:00.00
.1.3.6.1.2.1.1.9.1.2.1 = OID: .1.3.6.1.6.3.1
.1.3.6.1.2.1.1.9.1.2.2 = OID: .1.3.6.1.6.3.10.3.1.1
.1.3.6.1.2.1.1.9.1.2.3 = OID: .1.3.6.1.6.3.11.3.1.1
.1.3.6.1.2.1.1.9.1.2.4 = OID: .1.3.6.1.6.3.15.2.1.1
.1.3.6.1.2.1.1.9.1.2.5 = OID: .1.3.6.1.6.3.16.2.1.1
.1.3.6.1.2.1.1.9.1.3.1 = STRING: The MIB Module from SNMPv2 entities
.1.3.6.1.2.1.1.9.1.3.2 = STRING: SNMP Management Architecture MIB
.1.3.6.1.2.1.1.9.1.3.3 = STRING: Message Processing and Dispatching MIB
.1.3.6.1.2.1.1.9.1.3.4 = STRING: USM User MIB
.1.3.6.1.2.1.1.9.1.3.5 = STRING: VACM MIB
.1.3.6.1.2.1.1.9.1.4.1 = Timeticks: (0) 0:00:00.00
.1.3.6.1.2.1.1.9.1.4.2 = Timeticks: (0) 0:00:00.00
.1.3.6.1.2.1.1.9.1.4.3 = Timeticks: (0) 0:00:00.00
.1.3.6.1.2.1.1.9.1.4.4 = Timeticks: (0) 0:00:00.00
.1.3.6.1.2.1.1.9.1.4.5 = Timeticks: (0) 0:00:00.00
.1.3.6.1.2.1.2.1.0 = INTEGER: 2
.1.3.6.1.2.1.2.2.1.1.1 = INTEGER: 1
.1.3.6.1.2.1.2.2.1.1.2 = INTEGER: 2
.1.3.6.1.2.1.2.2.1.2.1 = STRING: LOOPBACK
.1.3.6.1.2.1.2.2.1.2.2 = STRING: vmac0
.1.3.6.1.2.1.2.2.1.3.1 = INTEGER: softwareLoopback(24)
.1.3.6.1.2.1.2.2.1.3.2 = INTEGER: ethernetCsmacd(6)
.1.3.6.1.2.1.2.2.1.4.1 = INTEGER: 1500
.1.3.6.1.2.1.2.2.1.4.2 = INTEGER: 1500
.1.3.6.1.2.1.2.2.1.5.1 = Gauge32: 0
.1.3.6.1.2.1.2.2.1.5.2 = Gauge32: 100000000
.1.3.6.1.2.1.2.2.1.6.1 = STRING: 
.1.3.6.1.2.1.2.2.1.6.2 = STRING: 28:29:86:62:3a:4
.1.3.6.1.2.1.2.2.1.7.1 = INTEGER: up(1)
.1.3.6.1.2.1.2.2.1.7.2 = INTEGER: up(1)
.1.3.6.1.2.1.2.2.1.8.1 = INTEGER: up(1)
.1.3.6.1.2.1.2.2.1.8.2 = INTEGER: up(1)
.1.3.6.1.2.1.2.2.1.9.1 = Timeticks: (0) 0:00:00.00
.1.3.6.1.2.1.2.2.1.9.2 = Timeticks: (25) 0:00:00.25
.1.3.6.1.2.1.2.2.1.10.1 = Counter32: 37464
.1.3.6.1.2.1.2.2.1.10.2 = Counter32: 4783418
.1.3.6.1.2.1.2.2.1.11.1 = Counter32: 446
.1.3.6.1.2.1.2.2.1.11.2 = Counter32: 4870
.1.3.6.1.2.1.2.2.1.12.1 = Counter32: 0
.1.3.6.1.2.1.2.2.1.12.2 = Counter32: 40101
.1.3.6.1.2.1.2.2.1.13.1 = Counter32: 0
.1.3.6.1.2.1.2.2.1.13.2 = Counter32: 0
.1.3.6.1.2.1.2.2.1.14.1 = Counter32: 0
.1.3.6.1.2.1.2.2.1.14.2 = Counter32: 0
.1.3.6.1.2.1.2.2.1.15.1 = Counter32: 0
.1.3.6.1.2.1.2.2.1.15.2 = Counter32: 0
.1.3.6.1.2.1.2.2.1.16.1 = Counter32: 37464
.1.3.6.1.2.1.2.2.1.16.2 = Counter32: 1418957
.1.3.6.1.2.1.2.2.1.17.1 = Counter32: 446
.1.3.6.1.2.1.2.2.1.17.2 = Counter32: 4851
.1.3.6.1.2.1.2.2.1.18.1 = Counter32: 0
.1.3.6.1.2.1.2.2.1.18.2 = Counter32: 10
.1.3.6.1.2.1.2.2.1.19.1 = Counter32: 0
.1.3.6.1.2.1.2.2.1.19.2 = Counter32: 0
.1.3.6.1.2.1.2.2.1.20.1 = Counter32: 0
.1.3.6.1.2.1.2.2.1.20.2 = Counter32: 0
.1.3.6.1.2.1.2.2.1.21.1 = Gauge32: 0
.1.3.6.1.2.1.2.2.1.21.2 = Gauge32: 0
.1.3.6.1.2.1.2.2.1.22.1 = OID: .0.0
.1.3.6.1.2.1.2.2.1.22.2 = OID: .0.0
.1.3.6.1.2.1.3.1.1.1.2.1.192.168.100.122 = INTEGER: 2
.1.3.6.1.2.1.3.1.1.1.2.1.192.168.100.180 = INTEGER: 2
.1.3.6.1.2.1.3.1.1.2.2.1.192.168.100.122 = Hex-STRING: 00 E0 4C 72 7D 5E 
.1.3.6.1.2.1.3.1.1.2.2.1.192.168.100.180 = Hex-STRING: F0 2F 74 A4 75 0D 
.1.3.6.1.2.1.3.1.1.3.2.1.192.168.100.122 = IpAddress: 192.168.100.122
.1.3.6.1.2.1.3.1.1.3.2.1.192.168.100.180 = IpAddress: 192.168.100.180
.1.3.6.1.2.1.4.1.0 = INTEGER: notForwarding(2)
.1.3.6.1.2.1.4.2.0 = INTEGER: 64
.1.3.6.1.2.1.4.3.0 = Counter32: 45408
.1.3.6.1.2.1.4.4.0 = Counter32: 0
.1.3.6.1.2.1.4.5.0 = Counter32: 0
.1.3.6.1.2.1.4.6.0 = Counter32: 0
.1.3.6.1.2.1.4.7.0 = Counter32: 0
.1.3.6.1.2.1.4.8.0 = Counter32: 0
.1.3.6.1.2.1.4.9.0 = Counter32: 45342
.1.3.6.1.2.1.4.10.0 = Counter32: 5270
.1.3.6.1.2.1.4.11.0 = Counter32: 0
.1.3.6.1.2.1.4.12.0 = Counter32: 0
.1.3.6.1.2.1.4.13.0 = INTEGER: 64 seconds
.1.3.6.1.2.1.4.14.0 = Counter32: 72
.1.3.6.1.2.1.4.15.0 = Counter32: 0
.1.3.6.1.2.1.4.16.0 = Counter32: 72
.1.3.6.1.2.1.4.17.0 = Counter32: 0
.1.3.6.1.2.1.4.18.0 = Counter32: 0
.1.3.6.1.2.1.4.19.0 = Counter32: 0
.1.3.6.1.2.1.4.20.1.1.127.0.0.1 = IpAddress: 127.0.0.1
.1.3.6.1.2.1.4.20.1.1.192.168.100.222 = IpAddress: 192.168.100.222
.1.3.6.1.2.1.4.20.1.2.127.0.0.1 = INTEGER: 1
.1.3.6.1.2.1.4.20.1.2.192.168.100.222 = INTEGER: 2
.1.3.6.1.2.1.4.20.1.3.127.0.0.1 = IpAddress: 255.255.255.255
.1.3.6.1.2.1.4.20.1.3.192.168.100.222 = IpAddress: 255.255.255.0
.1.3.6.1.2.1.4.20.1.4.127.0.0.1 = INTEGER: 1
.1.3.6.1.2.1.4.20.1.4.192.168.100.222 = INTEGER: 1
.1.3.6.1.2.1.4.20.1.5.127.0.0.1 = INTEGER: 1500
.1.3.6.1.2.1.4.20.1.5.192.168.100.222 = INTEGER: 1500
.1.3.6.1.2.1.4.21.1.1.127.0.0.1 = IpAddress: 127.0.0.1
.1.3.6.1.2.1.4.21.1.1.192.168.100.0 = IpAddress: 192.168.100.0
.1.3.6.1.2.1.4.21.1.2.127.0.0.1 = INTEGER: 1
.1.3.6.1.2.1.4.21.1.2.192.168.100.0 = INTEGER: 2
.1.3.6.1.2.1.4.21.1.3.127.0.0.1 = INTEGER: 0
.1.3.6.1.2.1.4.21.1.3.192.168.100.0 = INTEGER: 0
.1.3.6.1.2.1.4.21.1.4.127.0.0.1 = INTEGER: 65535
.1.3.6.1.2.1.4.21.1.4.192.168.100.0 = INTEGER: 65535
.1.3.6.1.2.1.4.21.1.5.127.0.0.1 = INTEGER: 65535
.1.3.6.1.2.1.4.21.1.5.192.168.100.0 = INTEGER: 65535
.1.3.6.1.2.1.4.21.1.6.127.0.0.1 = INTEGER: 65535
.1.3.6.1.2.1.4.21.1.6.192.168.100.0 = INTEGER: 65535
.1.3.6.1.2.1.4.21.1.7.127.0.0.1 = IpAddress: 0.0.0.0
.1.3.6.1.2.1.4.21.1.7.192.168.100.0 = IpAddress: 0.0.0.0
.1.3.6.1.2.1.4.21.1.8.127.0.0.1 = INTEGER: 3
.1.3.6.1.2.1.4.21.1.8.192.168.100.0 = INTEGER: 3
.1.3.6.1.2.1.4.21.1.9.127.0.0.1 = INTEGER: 2
.1.3.6.1.2.1.4.21.1.9.192.168.100.0 = INTEGER: 2
.1.3.6.1.2.1.4.21.1.10.127.0.0.1 = INTEGER: 65535
.1.3.6.1.2.1.4.21.1.10.192.168.100.0 = INTEGER: 65535
.1.3.6.1.2.1.4.21.1.11.127.0.0.1 = IpAddress: 255.255.255.255
.1.3.6.1.2.1.4.21.1.11.192.168.100.0 = IpAddress: 255.255.255.255
.1.3.6.1.2.1.4.21.1.12.127.0.0.1 = INTEGER: 65535
.1.3.6.1.2.1.4.21.1.12.192.168.100.0 = INTEGER: 65535
.1.3.6.1.2.1.4.21.1.13.127.0.0.1 = OID: .0.0
.1.3.6.1.2.1.4.21.1.13.192.168.100.0 = OID: .0.0
.1.3.6.1.2.1.4.22.1.1.2.192.168.100.122 = INTEGER: 2
.1.3.6.1.2.1.4.22.1.1.2.192.168.100.180 = INTEGER: 2
.1.3.6.1.2.1.4.22.1.2.2.192.168.100.122 = STRING: 0:e0:4c:72:7d:5e
.1.3.6.1.2.1.4.22.1.2.2.192.168.100.180 = STRING: f0:2f:74:a4:75:d
.1.3.6.1.2.1.4.22.1.3.2.192.168.100.122 = IpAddress: 192.168.100.122
.1.3.6.1.2.1.4.22.1.3.2.192.168.100.180 = IpAddress: 192.168.100.180
.1.3.6.1.2.1.4.22.1.4.2.192.168.100.122 = INTEGER: dynamic(3)
.1.3.6.1.2.1.4.22.1.4.2.192.168.100.180 = INTEGER: dynamic(3)
.1.3.6.1.2.1.4.23.0 = Counter32: 0
.1.3.6.1.2.1.4.24.6.0 = Gauge32: 6
.1.3.6.1.2.1.4.24.7.1.7.1.4.127.0.0.1.32.1.0.1.4.127.0.0.1 = INTEGER: 1
.1.3.6.1.2.1.4.24.7.1.7.1.4.192.168.100.0.24.1.0.1.4.192.168.100.222 = INTEGER: 2
.1.3.6.1.2.1.4.24.7.1.7.2.16.0.0.0.0.0.0.0.0.0.0.0.0.0.0.0.0.0.1.0.2.16.32.1.13.184.0.0.0.1.0.0.0.0.0.0.0.1 = INTEGER: 2
.1.3.6.1.2.1.4.24.7.1.7.2.16.0.0.0.0.0.0.0.0.0.0.0.0.0.0.0.1.128.1.0.2.16.0.0.0.0.0.0.0.0.0.0.0.0.0.0.0.1 = INTEGER: 1
.1.3.6.1.2.1.4.24.7.1.7.2.16.32.1.13.184.0.0.0.1.0.0.0.0.0.0.0.0.64.1.0.2.16.32.1.13.184.0.0.0.1.42.41.134.255.254.98.34.34 = INTEGER: 2
.1.3.6.1.2.1.4.24.7.1.7.2.16.254.128.0.0.2.0.0.0.0.0.0.0.0.0.0.0.64.1.0.2.16.254.128.0.0.2.0.0.0.42.41.134.255.254.98.58.4 = INTEGER: 2
.1.3.6.1.2.1.4.24.7.1.8.1.4.127.0.0.1.32.1.0.1.4.127.0.0.1 = INTEGER: local(3)
.1.3.6.1.2.1.4.24.7.1.8.1.4.192.168.100.0.24.1.0.1.4.192.168.100.222 = INTEGER: local(3)
.1.3.6.1.2.1.4.24.7.1.8.2.16.0.0.0.0.0.0.0.0.0.0.0.0.0.0.0.0.0.1.0.2.16.32.1.13.184.0.0.0.1.0.0.0.0.0.0.0.1 = INTEGER: remote(4)
.1.3.6.1.2.1.4.24.7.1.8.2.16.0.0.0.0.0.0.0.0.0.0.0.0.0.0.0.1.128.1.0.2.16.0.0.0.0.0.0.0.0.0.0.0.0.0.0.0.1 = INTEGER: local(3)
.1.3.6.1.2.1.4.24.7.1.8.2.16.32.1.13.184.0.0.0.1.0.0.0.0.0.0.0.0.64.1.0.2.16.32.1.13.184.0.0.0.1.42.41.134.255.254.98.34.34 = INTEGER: local(3)
.1.3.6.1.2.1.4.24.7.1.8.2.16.254.128.0.0.2.0.0.0.0.0.0.0.0.0.0.0.64.1.0.2.16.254.128.0.0.2.0.0.0.42.41.134.255.254.98.58.4 = INTEGER: local(3)
.1.3.6.1.2.1.4.24.7.1.9.1.4.127.0.0.1.32.1.0.1.4.127.0.0.1 = INTEGER: local(2)
.1.3.6.1.2.1.4.24.7.1.9.1.4.192.168.100.0.24.1.0.1.4.192.168.100.222 = INTEGER: local(2)
.1.3.6.1.2.1.4.24.7.1.9.2.16.0.0.0.0.0.0.0.0.0.0.0.0.0.0.0.0.0.1.0.2.16.32.1.13.184.0.0.0.1.0.0.0.0.0.0.0.1 = INTEGER: local(2)
.1.3.6.1.2.1.4.24.7.1.9.2.16.0.0.0.0.0.0.0.0.0.0.0.0.0.0.0.1.128.1.0.2.16.0.0.0.0.0.0.0.0.0.0.0.0.0.0.0.1 = INTEGER: local(2)
.1.3.6.1.2.1.4.24.7.1.9.2.16.32.1.13.184.0.0.0.1.0.0.0.0.0.0.0.0.64.1.0.2.16.32.1.13.184.0.0.0.1.42.41.134.255.254.98.34.34 = INTEGER: local(2)
.1.3.6.1.2.1.4.24.7.1.9.2.16.254.128.0.0.2.0.0.0.0.0.0.0.0.0.0.0.64.1.0.2.16.254.128.0.0.2.0.0.0.42.41.134.255.254.98.58.4 = INTEGER: local(2)
.1.3.6.1.2.1.4.24.7.1.10.1.4.127.0.0.1.32.1.0.1.4.127.0.0.1 = Gauge32: 65535
.1.3.6.1.2.1.4.24.7.1.10.1.4.192.168.100.0.24.1.0.1.4.192.168.100.222 = Gauge32: 65535
.1.3.6.1.2.1.4.24.7.1.10.2.16.0.0.0.0.0.0.0.0.0.0.0.0.0.0.0.0.0.1.0.2.16.32.1.13.184.0.0.0.1.0.0.0.0.0.0.0.1 = Gauge32: 65535
.1.3.6.1.2.1.4.24.7.1.10.2.16.0.0.0.0.0.0.0.0.0.0.0.0.0.0.0.1.128.1.0.2.16.0.0.0.0.0.0.0.0.0.0.0.0.0.0.0.1 = Gauge32: 65535
.1.3.6.1.2.1.4.24.7.1.10.2.16.32.1.13.184.0.0.0.1.0.0.0.0.0.0.0.0.64.1.0.2.16.32.1.13.184.0.0.0.1.42.41.134.255.254.98.34.34 = Gauge32: 93600
.1.3.6.1.2.1.4.24.7.1.10.2.16.254.128.0.0.2.0.0.0.0.0.0.0.0.0.0.0.64.1.0.2.16.254.128.0.0.2.0.0.0.42.41.134.255.254.98.58.4 = Gauge32: 65535
.1.3.6.1.2.1.4.24.7.1.11.1.4.127.0.0.1.32.1.0.1.4.127.0.0.1 = Gauge32: 0
.1.3.6.1.2.1.4.24.7.1.11.1.4.192.168.100.0.24.1.0.1.4.192.168.100.222 = Gauge32: 0
.1.3.6.1.2.1.4.24.7.1.11.2.16.0.0.0.0.0.0.0.0.0.0.0.0.0.0.0.0.0.1.0.2.16.32.1.13.184.0.0.0.1.0.0.0.0.0.0.0.1 = Gauge32: 0
.1.3.6.1.2.1.4.24.7.1.11.2.16.0.0.0.0.0.0.0.0.0.0.0.0.0.0.0.1.128.1.0.2.16.0.0.0.0.0.0.0.0.0.0.0.0.0.0.0.1 = Gauge32: 0
.1.3.6.1.2.1.4.24.7.1.11.2.16.32.1.13.184.0.0.0.1.0.0.0.0.0.0.0.0.64.1.0.2.16.32.1.13.184.0.0.0.1.42.41.134.255.254.98.34.34 = Gauge32: 0
.1.3.6.1.2.1.4.24.7.1.11.2.16.254.128.0.0.2.0.0.0.0.0.0.0.0.0.0.0.64.1.0.2.16.254.128.0.0.2.0.0.0.42.41.134.255.254.98.58.4 = Gauge32: 0
.1.3.6.1.2.1.4.24.7.1.12.1.4.127.0.0.1.32.1.0.1.4.127.0.0.1 = INTEGER: 0
.1.3.6.1.2.1.4.24.7.1.12.1.4.192.168.100.0.24.1.0.1.4.192.168.100.222 = INTEGER: 0
.1.3.6.1.2.1.4.24.7.1.12.2.16.0.0.0.0.0.0.0.0.0.0.0.0.0.0.0.0.0.1.0.2.16.32.1.13.184.0.0.0.1.0.0.0.0.0.0.0.1 = INTEGER: 1
.1.3.6.1.2.1.4.24.7.1.12.2.16.0.0.0.0.0.0.0.0.0.0.0.0.0.0.0.1.128.1.0.2.16.0.0.0.0.0.0.0.0.0.0.0.0.0.0.0.1 = INTEGER: 0
.1.3.6.1.2.1.4.24.7.1.12.2.16.32.1.13.184.0.0.0.1.0.0.0.0.0.0.0.0.64.1.0.2.16.32.1.13.184.0.0.0.1.42.41.134.255.254.98.34.34 = INTEGER: 0
.1.3.6.1.2.1.4.24.7.1.12.2.16.254.128.0.0.2.0.0.0.0.0.0.0.0.0.0.0.64.1.0.2.16.254.128.0.0.2.0.0.0.42.41.134.255.254.98.58.4 = INTEGER: 0
.1.3.6.1.2.1.4.24.7.1.13.1.4.127.0.0.1.32.1.0.1.4.127.0.0.1 = INTEGER: -1
.1.3.6.1.2.1.4.24.7.1.13.1.4.192.168.100.0.24.1.0.1.4.192.168.100.222 = INTEGER: -1
.1.3.6.1.2.1.4.24.7.1.13.2.16.0.0.0.0.0.0.0.0.0.0.0.0.0.0.0.0.0.1.0.2.16.32.1.13.184.0.0.0.1.0.0.0.0.0.0.0.1 = INTEGER: -1
.1.3.6.1.2.1.4.24.7.1.13.2.16.0.0.0.0.0.0.0.0.0.0.0.0.0.0.0.1.128.1.0.2.16.0.0.0.0.0.0.0.0.0.0.0.0.0.0.0.1 = INTEGER: -1
.1.3.6.1.2.1.4.24.7.1.13.2.16.32.1.13.184.0.0.0.1.0.0.0.0.0.0.0.0.64.1.0.2.16.32.1.13.184.0.0.0.1.42.41.134.255.254.98.34.34 = INTEGER: -1
.1.3.6.1.2.1.4.24.7.1.13.2.16.254.128.0.0.2.0.0.0.0.0.0.0.0.0.0.0.64.1.0.2.16.254.128.0.0.2.0.0.0.42.41.134.255.254.98.58.4 = INTEGER: -1
.1.3.6.1.2.1.4.24.7.1.14.1.4.127.0.0.1.32.1.0.1.4.127.0.0.1 = INTEGER: -1
.1.3.6.1.2.1.4.24.7.1.14.1.4.192.168.100.0.24.1.0.1.4.192.168.100.222 = INTEGER: -1
.1.3.6.1.2.1.4.24.7.1.14.2.16.0.0.0.0.0.0.0.0.0.0.0.0.0.0.0.0.0.1.0.2.16.32.1.13.184.0.0.0.1.0.0.0.0.0.0.0.1 = INTEGER: -1
.1.3.6.1.2.1.4.24.7.1.14.2.16.0.0.0.0.0.0.0.0.0.0.0.0.0.0.0.1.128.1.0.2.16.0.0.0.0.0.0.0.0.0.0.0.0.0.0.0.1 = INTEGER: -1
.1.3.6.1.2.1.4.24.7.1.14.2.16.32.1.13.184.0.0.0.1.0.0.0.0.0.0.0.0.64.1.0.2.16.32.1.13.184.0.0.0.1.42.41.134.255.254.98.34.34 = INTEGER: -1
.1.3.6.1.2.1.4.24.7.1.14.2.16.254.128.0.0.2.0.0.0.0.0.0.0.0.0.0.0.64.1.0.2.16.254.128.0.0.2.0.0.0.42.41.134.255.254.98.58.4 = INTEGER: -1
.1.3.6.1.2.1.4.24.7.1.15.1.4.127.0.0.1.32.1.0.1.4.127.0.0.1 = INTEGER: -1
.1.3.6.1.2.1.4.24.7.1.15.1.4.192.168.100.0.24.1.0.1.4.192.168.100.222 = INTEGER: -1
.1.3.6.1.2.1.4.24.7.1.15.2.16.0.0.0.0.0.0.0.0.0.0.0.0.0.0.0.0.0.1.0.2.16.32.1.13.184.0.0.0.1.0.0.0.0.0.0.0.1 = INTEGER: -1
.1.3.6.1.2.1.4.24.7.1.15.2.16.0.0.0.0.0.0.0.0.0.0.0.0.0.0.0.1.128.1.0.2.16.0.0.0.0.0.0.0.0.0.0.0.0.0.0.0.1 = INTEGER: -1
.1.3.6.1.2.1.4.24.7.1.15.2.16.32.1.13.184.0.0.0.1.0.0.0.0.0.0.0.0.64.1.0.2.16.32.1.13.184.0.0.0.1.42.41.134.255.254.98.34.34 = INTEGER: -1
.1.3.6.1.2.1.4.24.7.1.15.2.16.254.128.0.0.2.0.0.0.0.0.0.0.0.0.0.0.64.1.0.2.16.254.128.0.0.2.0.0.0.42.41.134.255.254.98.58.4 = INTEGER: -1
.1.3.6.1.2.1.4.24.7.1.16.1.4.127.0.0.1.32.1.0.1.4.127.0.0.1 = INTEGER: -1
.1.3.6.1.2.1.4.24.7.1.16.1.4.192.168.100.0.24.1.0.1.4.192.168.100.222 = INTEGER: -1
.1.3.6.1.2.1.4.24.7.1.16.2.16.0.0.0.0.0.0.0.0.0.0.0.0.0.0.0.0.0.1.0.2.16.32.1.13.184.0.0.0.1.0.0.0.0.0.0.0.1 = INTEGER: -1
.1.3.6.1.2.1.4.24.7.1.16.2.16.0.0.0.0.0.0.0.0.0.0.0.0.0.0.0.1.128.1.0.2.16.0.0.0.0.0.0.0.0.0.0.0.0.0.0.0.1 = INTEGER: -1
.1.3.6.1.2.1.4.24.7.1.16.2.16.32.1.13.184.0.0.0.1.0.0.0.0.0.0.0.0.64.1.0.2.16.32.1.13.184.0.0.0.1.42.41.134.255.254.98.34.34 = INTEGER: -1
.1.3.6.1.2.1.4.24.7.1.16.2.16.254.128.0.0.2.0.0.0.0.0.0.0.0.0.0.0.64.1.0.2.16.254.128.0.0.2.0.0.0.42.41.134.255.254.98.58.4 = INTEGER: -1
.1.3.6.1.2.1.4.24.7.1.17.1.4.127.0.0.1.32.1.0.1.4.127.0.0.1 = INTEGER: active(1)
.1.3.6.1.2.1.4.24.7.1.17.1.4.192.168.100.0.24.1.0.1.4.192.168.100.222 = INTEGER: active(1)
.1.3.6.1.2.1.4.24.7.1.17.2.16.0.0.0.0.0.0.0.0.0.0.0.0.0.0.0.0.0.1.0.2.16.32.1.13.184.0.0.0.1.0.0.0.0.0.0.0.1 = INTEGER: active(1)
.1.3.6.1.2.1.4.24.7.1.17.2.16.0.0.0.0.0.0.0.0.0.0.0.0.0.0.0.1.128.1.0.2.16.0.0.0.0.0.0.0.0.0.0.0.0.0.0.0.1 = INTEGER: active(1)
.1.3.6.1.2.1.4.24.7.1.17.2.16.32.1.13.184.0.0.0.1.0.0.0.0.0.0.0.0.64.1.0.2.16.32.1.13.184.0.0.0.1.42.41.134.255.254.98.34.34 = INTEGER: active(1)
.1.3.6.1.2.1.4.24.7.1.17.2.16.254.128.0.0.2.0.0.0.0.0.0.0.0.0.0.0.64.1.0.2.16.254.128.0.0.2.0.0.0.42.41.134.255.254.98.58.4 = INTEGER: active(1)
.1.3.6.1.2.1.4.24.8.0 = Counter32: 0
.1.3.6.1.2.1.4.25.0 = INTEGER: notForwarding(2)
.1.3.6.1.2.1.4.26.0 = INTEGER: 0
.1.3.6.1.2.1.4.27.0 = Timeticks: (0) 0:00:00.00
.1.3.6.1.2.1.4.28.1.2.1 = INTEGER: 1500
.1.3.6.1.2.1.4.28.1.3.1 = INTEGER: up(1)
.1.3.6.1.2.1.4.28.1.4.1 = Gauge32: 1000 milliseconds
.1.3.6.1.2.1.4.29.0 = Timeticks: (0) 0:00:00.00
.1.3.6.1.2.1.4.30.1.2.1 = Gauge32: 1500 octets
.1.3.6.1.2.1.4.30.1.3.1 = STRING: 0:0:0:0
.1.3.6.1.2.1.4.30.1.5.1 = INTEGER: up(1)
.1.3.6.1.2.1.4.30.1.6.1 = Gauge32: 33277 milliseconds
.1.3.6.1.2.1.4.30.1.7.1 = Gauge32: 4000 milliseconds
.1.3.6.1.2.1.4.30.1.8.1 = INTEGER: notForwarding(2)
.1.3.6.1.2.1.4.31.1.1.3.1 = Counter32: 0
.1.3.6.1.2.1.4.31.1.1.3.2 = Counter32: 1329
.1.3.6.1.2.1.4.31.1.1.4.1 = Counter64: 0
.1.3.6.1.2.1.4.31.1.1.4.2 = Counter64: 1329
.1.3.6.1.2.1.4.31.1.1.5.1 = Counter32: 4839181
.1.3.6.1.2.1.4.31.1.1.5.2 = Counter32: 0
.1.3.6.1.2.1.4.31.1.1.6.1 = Counter64: 4839357
.1.3.6.1.2.1.4.31.1.1.6.2 = Counter64: 0
.1.3.6.1.2.1.4.31.1.1.7.1 = Counter32: 0
.1.3.6.1.2.1.4.31.1.1.7.2 = Counter32: 0
.1.3.6.1.2.1.4.31.1.1.8.1 = Counter32: 0
.1.3.6.1.2.1.4.31.1.1.8.2 = Counter32: 0
.1.3.6.1.2.1.4.31.1.1.9.1 = Counter32: 0
.1.3.6.1.2.1.4.31.1.1.9.2 = Counter32: 0
.1.3.6.1.2.1.4.31.1.1.10.1 = Counter32: 0
.1.3.6.1.2.1.4.31.1.1.10.2 = Counter32: 0
.1.3.6.1.2.1.4.31.1.1.11.1 = Counter32: 0
.1.3.6.1.2.1.4.31.1.1.11.2 = Counter32: 0
.1.3.6.1.2.1.4.31.1.1.12.1 = Counter32: 0
.1.3.6.1.2.1.4.31.1.1.12.2 = Counter32: 0
.1.3.6.1.2.1.4.31.1.1.13.1 = Counter64: 0
.1.3.6.1.2.1.4.31.1.1.13.2 = Counter64: 0
.1.3.6.1.2.1.4.31.1.1.14.1 = Counter32: 0
.1.3.6.1.2.1.4.31.1.1.14.2 = Counter32: 0
.1.3.6.1.2.1.4.31.1.1.15.1 = Counter32: 0
.1.3.6.1.2.1.4.31.1.1.15.2 = Counter32: 0
.1.3.6.1.2.1.4.31.1.1.16.1 = Counter32: 0
.1.3.6.1.2.1.4.31.1.1.16.2 = Counter32: 0
.1.3.6.1.2.1.4.31.1.1.17.1 = Counter32: 0
.1.3.6.1.2.1.4.31.1.1.17.2 = Counter32: 0
.1.3.6.1.2.1.4.31.1.1.18.1 = Counter32: 45510
.1.3.6.1.2.1.4.31.1.1.18.2 = Counter32: 1046
.1.3.6.1.2.1.4.31.1.1.19.1 = Counter64: 0
.1.3.6.1.2.1.4.31.1.1.19.2 = Counter64: 1329
.1.3.6.1.2.1.4.31.1.1.20.1 = Counter32: 5440
.1.3.6.1.2.1.4.31.1.1.20.2 = Counter32: 19
.1.3.6.1.2.1.4.31.1.1.21.1 = Counter64: 5442
.1.3.6.1.2.1.4.31.1.1.21.2 = Counter64: 19
.1.3.6.1.2.1.4.31.1.1.22.1 = Counter32: 0
.1.3.6.1.2.1.4.31.1.1.22.2 = Counter32: 0
.1.3.6.1.2.1.4.31.1.1.23.1 = Counter32: 0
.1.3.6.1.2.1.4.31.1.1.23.2 = Counter32: 0
.1.3.6.1.2.1.4.31.1.1.24.1 = Counter64: 0
.1.3.6.1.2.1.4.31.1.1.24.2 = Counter64: 0
.1.3.6.1.2.1.4.31.1.1.25.1 = Counter32: 0
.1.3.6.1.2.1.4.31.1.1.25.2 = Counter32: 0
.1.3.6.1.2.1.4.31.1.1.26.1 = Counter32: 0
.1.3.6.1.2.1.4.31.1.1.26.2 = Counter32: 0
.1.3.6.1.2.1.4.31.1.1.27.1 = Counter32: 0
.1.3.6.1.2.1.4.31.1.1.27.2 = Counter32: 0
.1.3.6.1.2.1.4.31.1.1.28.1 = Counter32: 0
.1.3.6.1.2.1.4.31.1.1.28.2 = Counter32: 0
.1.3.6.1.2.1.4.31.1.1.29.1 = Counter32: 0
.1.3.6.1.2.1.4.31.1.1.29.2 = Counter32: 0
.1.3.6.1.2.1.4.31.1.1.30.1 = Counter32: 0
.1.3.6.1.2.1.4.31.1.1.30.2 = Counter32: 0
.1.3.6.1.2.1.4.31.1.1.31.1 = Counter64: 0
.1.3.6.1.2.1.4.31.1.1.31.2 = Counter64: 0
.1.3.6.1.2.1.4.31.1.1.32.1 = Counter32: 1478596
.1.3.6.1.2.1.4.31.1.1.32.2 = Counter32: 0
.1.3.6.1.2.1.4.31.1.1.33.1 = Counter64: 1478776
.1.3.6.1.2.1.4.31.1.1.33.2 = Counter64: 0
.1.3.6.1.2.1.4.31.1.1.34.1 = Counter32: 1002
.1.3.6.1.2.1.4.31.1.1.34.2 = Counter32: 1044
.1.3.6.1.2.1.4.31.1.1.35.1 = Counter64: 1002
.1.3.6.1.2.1.4.31.1.1.35.2 = Counter64: 1044
.1.3.6.1.2.1.4.31.1.1.36.1 = Counter32: 0
.1.3.6.1.2.1.4.31.1.1.36.2 = Counter32: 0
.1.3.6.1.2.1.4.31.1.1.37.1 = Counter64: 0
.1.3.6.1.2.1.4.31.1.1.37.2 = Counter64: 0
.1.3.6.1.2.1.4.31.1.1.38.1 = Counter32: 1
.1.3.6.1.2.1.4.31.1.1.38.2 = Counter32: 17
.1.3.6.1.2.1.4.31.1.1.39.1 = Counter64: 1
.1.3.6.1.2.1.4.31.1.1.39.2 = Counter64: 17
.1.3.6.1.2.1.4.31.1.1.40.1 = Counter32: 0
.1.3.6.1.2.1.4.31.1.1.40.2 = Counter32: 0
.1.3.6.1.2.1.4.31.1.1.41.1 = Counter64: 0
.1.3.6.1.2.1.4.31.1.1.41.2 = Counter64: 0
.1.3.6.1.2.1.4.31.1.1.42.1 = Counter32: 39102
.1.3.6.1.2.1.4.31.1.1.42.2 = Counter32: 0
.1.3.6.1.2.1.4.31.1.1.43.1 = Counter64: 39102
.1.3.6.1.2.1.4.31.1.1.43.2 = Counter64: 0
.1.3.6.1.2.1.4.31.1.1.44.1 = Counter32: 9
.1.3.6.1.2.1.4.31.1.1.44.2 = Counter32: 0
.1.3.6.1.2.1.4.31.1.1.45.1 = Counter64: 9
.1.3.6.1.2.1.4.31.1.1.45.2 = Counter64: 0
.1.3.6.1.2.1.4.31.1.1.46.1 = Timeticks: (0) 0:00:00.00
.1.3.6.1.2.1.4.31.1.1.46.2 = Timeticks: (0) 0:00:00.00
.1.3.6.1.2.1.4.31.1.1.47.1 = Gauge32: 0 milli-seconds
.1.3.6.1.2.1.4.31.1.1.47.2 = Gauge32: 0 milli-seconds
.1.3.6.1.2.1.4.31.3.1.3.1.1 = Counter32: 0
.1.3.6.1.2.1.4.31.3.1.3.2.1 = Counter32: 0
.1.3.6.1.2.1.4.31.3.1.4.1.1 = Counter64: 0
.1.3.6.1.2.1.4.31.3.1.4.2.1 = Counter64: 0
.1.3.6.1.2.1.4.31.3.1.5.1.1 = Counter32: 37464
.1.3.6.1.2.1.4.31.3.1.5.2.1 = Counter32: 0
.1.3.6.1.2.1.4.31.3.1.6.1.1 = Counter64: 37464
.1.3.6.1.2.1.4.31.3.1.6.2.1 = Counter64: 0
.1.3.6.1.2.1.4.31.3.1.7.1.1 = Counter32: 0
.1.3.6.1.2.1.4.31.3.1.7.2.1 = Counter32: 0
.1.3.6.1.2.1.4.31.3.1.8.1.1 = Counter32: 0
.1.3.6.1.2.1.4.31.3.1.8.2.1 = Counter32: 0
.1.3.6.1.2.1.4.31.3.1.9.1.1 = Counter32: 0
.1.3.6.1.2.1.4.31.3.1.9.2.1 = Counter32: 0
.1.3.6.1.2.1.4.31.3.1.10.1.1 = Counter32: 0
.1.3.6.1.2.1.4.31.3.1.10.2.1 = Counter32: 0
.1.3.6.1.2.1.4.31.3.1.11.1.1 = Counter32: 0
.1.3.6.1.2.1.4.31.3.1.11.2.1 = Counter32: 0
.1.3.6.1.2.1.4.31.3.1.12.1.1 = Counter32: 0
.1.3.6.1.2.1.4.31.3.1.12.2.1 = Counter32: 0
.1.3.6.1.2.1.4.31.3.1.13.1.1 = Counter64: 0
.1.3.6.1.2.1.4.31.3.1.13.2.1 = Counter64: 0
.1.3.6.1.2.1.4.31.3.1.14.1.1 = Counter32: 0
.1.3.6.1.2.1.4.31.3.1.14.2.1 = Counter32: 0
.1.3.6.1.2.1.4.31.3.1.15.1.1 = Counter32: 0
.1.3.6.1.2.1.4.31.3.1.15.2.1 = Counter32: 0
.1.3.6.1.2.1.4.31.3.1.16.1.1 = Counter32: 0
.1.3.6.1.2.1.4.31.3.1.16.2.1 = Counter32: 0
.1.3.6.1.2.1.4.31.3.1.17.1.1 = Counter32: 0
.1.3.6.1.2.1.4.31.3.1.17.2.1 = Counter32: 0
.1.3.6.1.2.1.4.31.3.1.18.1.1 = Counter32: 0
.1.3.6.1.2.1.4.31.3.1.18.2.1 = Counter32: 0
.1.3.6.1.2.1.4.31.3.1.19.1.1 = Counter64: 0
.1.3.6.1.2.1.4.31.3.1.19.2.1 = Counter64: 0
.1.3.6.1.2.1.4.31.3.1.20.1.1 = Counter32: 446
.1.3.6.1.2.1.4.31.3.1.20.2.1 = Counter32: 0
.1.3.6.1.2.1.4.31.3.1.21.1.1 = Counter64: 446
.1.3.6.1.2.1.4.31.3.1.21.2.1 = Counter64: 0
.1.3.6.1.2.1.4.31.3.1.23.1.1 = Counter32: 0
.1.3.6.1.2.1.4.31.3.1.23.2.1 = Counter32: 0
.1.3.6.1.2.1.4.31.3.1.24.1.1 = Counter64: 0
.1.3.6.1.2.1.4.31.3.1.24.2.1 = Counter64: 0
.1.3.6.1.2.1.4.31.3.1.25.1.1 = Counter32: 0
.1.3.6.1.2.1.4.31.3.1.25.2.1 = Counter32: 0
.1.3.6.1.2.1.4.31.3.1.26.1.1 = Counter32: 0
.1.3.6.1.2.1.4.31.3.1.26.2.1 = Counter32: 0
.1.3.6.1.2.1.4.31.3.1.27.1.1 = Counter32: 0
.1.3.6.1.2.1.4.31.3.1.27.2.1 = Counter32: 0
.1.3.6.1.2.1.4.31.3.1.28.1.1 = Counter32: 0
.1.3.6.1.2.1.4.31.3.1.28.2.1 = Counter32: 0
.1.3.6.1.2.1.4.31.3.1.29.1.1 = Counter32: 0
.1.3.6.1.2.1.4.31.3.1.29.2.1 = Counter32: 0
.1.3.6.1.2.1.4.31.3.1.30.1.1 = Counter32: 0
.1.3.6.1.2.1.4.31.3.1.30.2.1 = Counter32: 0
.1.3.6.1.2.1.4.31.3.1.31.1.1 = Counter64: 0
.1.3.6.1.2.1.4.31.3.1.31.2.1 = Counter64: 0
.1.3.6.1.2.1.4.31.3.1.32.1.1 = Counter32: 37464
.1.3.6.1.2.1.4.31.3.1.32.2.1 = Counter32: 0
.1.3.6.1.2.1.4.31.3.1.33.1.1 = Counter64: 37464
.1.3.6.1.2.1.4.31.3.1.33.2.1 = Counter64: 0
.1.3.6.1.2.1.4.31.3.1.34.1.1 = Counter32: 0
.1.3.6.1.2.1.4.31.3.1.34.2.1 = Counter32: 0
.1.3.6.1.2.1.4.31.3.1.35.1.1 = Counter64: 0
.1.3.6.1.2.1.4.31.3.1.35.2.1 = Counter64: 0
.1.3.6.1.2.1.4.31.3.1.36.1.1 = Counter32: 0
.1.3.6.1.2.1.4.31.3.1.36.2.1 = Counter32: 0
.1.3.6.1.2.1.4.31.3.1.37.1.1 = Counter64: 0
.1.3.6.1.2.1.4.31.3.1.37.2.1 = Counter64: 0
.1.3.6.1.2.1.4.31.3.1.38.1.1 = Counter32: 0
.1.3.6.1.2.1.4.31.3.1.38.2.1 = Counter32: 0
.1.3.6.1.2.1.4.31.3.1.39.1.1 = Counter64: 0
.1.3.6.1.2.1.4.31.3.1.39.2.1 = Counter64: 0
.1.3.6.1.2.1.4.31.3.1.40.1.1 = Counter32: 0
.1.3.6.1.2.1.4.31.3.1.40.2.1 = Counter32: 0
.1.3.6.1.2.1.4.31.3.1.41.1.1 = Counter64: 0
.1.3.6.1.2.1.4.31.3.1.41.2.1 = Counter64: 0
.1.3.6.1.2.1.4.31.3.1.42.1.1 = Counter32: 0
.1.3.6.1.2.1.4.31.3.1.42.2.1 = Counter32: 0
.1.3.6.1.2.1.4.31.3.1.43.1.1 = Counter64: 0
.1.3.6.1.2.1.4.31.3.1.43.2.1 = Counter64: 0
.1.3.6.1.2.1.4.31.3.1.44.1.1 = Counter32: 0
.1.3.6.1.2.1.4.31.3.1.44.2.1 = Counter32: 0
.1.3.6.1.2.1.4.31.3.1.45.1.1 = Counter64: 0
.1.3.6.1.2.1.4.31.3.1.45.2.1 = Counter64: 0
.1.3.6.1.2.1.4.31.3.1.46.1.1 = Timeticks: (0) 0:00:00.00
.1.3.6.1.2.1.4.31.3.1.46.2.1 = Timeticks: (0) 0:00:00.00
.1.3.6.1.2.1.4.31.3.1.47.1.1 = Gauge32: 0 milli-seconds
.1.3.6.1.2.1.4.31.3.1.47.2.1 = Gauge32: 0 milli-seconds
.1.3.6.1.2.1.4.33.0 = INTEGER: 0
.1.3.6.1.2.1.4.34.1.3.1.4.127.0.0.1 = INTEGER: 1
.1.3.6.1.2.1.4.34.1.3.1.4.192.168.100.222 = INTEGER: 2
.1.3.6.1.2.1.4.34.1.3.2.16.0.0.0.0.0.0.0.0.0.0.0.0.0.0.0.0 = INTEGER: 2
.1.3.6.1.2.1.4.34.1.3.2.16.32.1.13.184.0.0.0.1.42.41.134.255.254.98.34.34 = INTEGER: 2
.1.3.6.1.2.1.4.34.1.4.1.4.127.0.0.1 = INTEGER: unicast(1)
.1.3.6.1.2.1.4.34.1.4.1.4.192.168.100.222 = INTEGER: unicast(1)
.1.3.6.1.2.1.4.34.1.4.2.16.0.0.0.0.0.0.0.0.0.0.0.0.0.0.0.0 = INTEGER: unicast(1)
.1.3.6.1.2.1.4.34.1.4.2.16.32.1.13.184.0.0.0.1.42.41.134.255.254.98.34.34 = INTEGER: unicast(1)
.1.3.6.1.2.1.4.34.1.5.1.4.127.0.0.1 = OID: .0.0
.1.3.6.1.2.1.4.34.1.5.1.4.192.168.100.222 = OID: .0.0
.1.3.6.1.2.1.4.34.1.5.2.16.0.0.0.0.0.0.0.0.0.0.0.0.0.0.0.0 = OID: .0.0
.1.3.6.1.2.1.4.34.1.5.2.16.32.1.13.184.0.0.0.1.42.41.134.255.254.98.34.34 = OID: .0.0
.1.3.6.1.2.1.4.34.1.6.1.4.127.0.0.1 = INTEGER: manual(2)
.1.3.6.1.2.1.4.34.1.6.1.4.192.168.100.222 = INTEGER: manual(2)
.1.3.6.1.2.1.4.34.1.6.2.16.0.0.0.0.0.0.0.0.0.0.0.0.0.0.0.0 = INTEGER: manual(2)
.1.3.6.1.2.1.4.34.1.6.2.16.32.1.13.184.0.0.0.1.42.41.134.255.254.98.34.34 = INTEGER: manual(2)
.1.3.6.1.2.1.4.34.1.7.1.4.127.0.0.1 = INTEGER: preferred(1)
.1.3.6.1.2.1.4.34.1.7.1.4.192.168.100.222 = INTEGER: preferred(1)
.1.3.6.1.2.1.4.34.1.7.2.16.0.0.0.0.0.0.0.0.0.0.0.0.0.0.0.0 = INTEGER: preferred(1)
.1.3.6.1.2.1.4.34.1.7.2.16.32.1.13.184.0.0.0.1.42.41.134.255.254.98.34.34 = INTEGER: preferred(1)
.1.3.6.1.2.1.4.34.1.8.1.4.127.0.0.1 = Timeticks: (0) 0:00:00.00
.1.3.6.1.2.1.4.34.1.8.1.4.192.168.100.222 = Timeticks: (0) 0:00:00.00
.1.3.6.1.2.1.4.34.1.8.2.16.0.0.0.0.0.0.0.0.0.0.0.0.0.0.0.0 = Timeticks: (0) 0:00:00.00
.1.3.6.1.2.1.4.34.1.8.2.16.32.1.13.184.0.0.0.1.42.41.134.255.254.98.34.34 = Timeticks: (0) 0:00:00.00
.1.3.6.1.2.1.4.34.1.9.1.4.127.0.0.1 = Timeticks: (0) 0:00:00.00
.1.3.6.1.2.1.4.34.1.9.1.4.192.168.100.222 = Timeticks: (0) 0:00:00.00
.1.3.6.1.2.1.4.34.1.9.2.16.0.0.0.0.0.0.0.0.0.0.0.0.0.0.0.0 = Timeticks: (0) 0:00:00.00
.1.3.6.1.2.1.4.34.1.9.2.16.32.1.13.184.0.0.0.1.42.41.134.255.254.98.34.34 = Timeticks: (0) 0:00:00.00
.1.3.6.1.2.1.4.34.1.10.1.4.127.0.0.1 = INTEGER: active(1)
.1.3.6.1.2.1.4.34.1.10.1.4.192.168.100.222 = INTEGER: active(1)
.1.3.6.1.2.1.4.34.1.10.2.16.0.0.0.0.0.0.0.0.0.0.0.0.0.0.0.0 = INTEGER: active(1)
.1.3.6.1.2.1.4.34.1.10.2.16.32.1.13.184.0.0.0.1.42.41.134.255.254.98.34.34 = INTEGER: active(1)
.1.3.6.1.2.1.4.34.1.11.1.4.127.0.0.1 = INTEGER: readOnly(5)
.1.3.6.1.2.1.4.34.1.11.1.4.192.168.100.222 = INTEGER: readOnly(5)
.1.3.6.1.2.1.4.34.1.11.2.16.0.0.0.0.0.0.0.0.0.0.0.0.0.0.0.0 = INTEGER: readOnly(5)
.1.3.6.1.2.1.4.34.1.11.2.16.32.1.13.184.0.0.0.1.42.41.134.255.254.98.34.34 = INTEGER: readOnly(5)
.1.3.6.1.2.1.4.35.1.4.2.1.4.192.168.100.122 = STRING: 0:e0:4c:72:7d:5e
.1.3.6.1.2.1.4.35.1.4.2.1.4.192.168.100.180 = STRING: f0:2f:74:a4:75:d
.1.3.6.1.2.1.4.35.1.5.2.1.4.192.168.100.122 = Timeticks: (0) 0:00:00.00
.1.3.6.1.2.1.4.35.1.5.2.1.4.192.168.100.180 = Timeticks: (0) 0:00:00.00
.1.3.6.1.2.1.4.35.1.6.2.1.4.192.168.100.122 = INTEGER: dynamic(3)
.1.3.6.1.2.1.4.35.1.6.2.1.4.192.168.100.180 = INTEGER: dynamic(3)
.1.3.6.1.2.1.4.35.1.7.2.1.4.192.168.100.122 = INTEGER: unknown(6)
.1.3.6.1.2.1.4.35.1.7.2.1.4.192.168.100.180 = INTEGER: unknown(6)
.1.3.6.1.2.1.4.35.1.8.2.1.4.192.168.100.122 = INTEGER: active(1)
.1.3.6.1.2.1.4.35.1.8.2.1.4.192.168.100.180 = INTEGER: active(1)
.1.3.6.1.2.1.4.36.1.2.1 = Gauge32: 0
.1.3.6.1.2.1.4.36.1.3.1 = Gauge32: 0
.1.3.6.1.2.1.4.36.1.4.1 = Gauge32: 0
.1.3.6.1.2.1.4.36.1.5.1 = Gauge32: 0
.1.3.6.1.2.1.4.36.1.6.1 = Gauge32: 0
.1.3.6.1.2.1.4.36.1.7.1 = Gauge32: 0
.1.3.6.1.2.1.4.36.1.8.1 = Gauge32: 0
.1.3.6.1.2.1.4.36.1.9.1 = Gauge32: 0
.1.3.6.1.2.1.4.36.1.10.1 = Gauge32: 0
.1.3.6.1.2.1.4.36.1.11.1 = Gauge32: 0
.1.3.6.1.2.1.4.36.1.12.1 = Gauge32: 0
.1.3.6.1.2.1.4.36.1.13.1 = Gauge32: 0
.1.3.6.1.2.1.5.1.0 = Counter32: 450
.1.3.6.1.2.1.5.2.0 = Counter32: 0
.1.3.6.1.2.1.5.3.0 = Counter32: 2
.1.3.6.1.2.1.5.4.0 = Counter32: 0
.1.3.6.1.2.1.5.5.0 = Counter32: 0
.1.3.6.1.2.1.5.6.0 = Counter32: 0
.1.3.6.1.2.1.5.7.0 = Counter32: 0
.1.3.6.1.2.1.5.8.0 = Counter32: 225
.1.3.6.1.2.1.5.9.0 = Counter32: 223
.1.3.6.1.2.1.5.10.0 = Counter32: 0
.1.3.6.1.2.1.5.11.0 = Counter32: 0
.1.3.6.1.2.1.5.12.0 = Counter32: 0
.1.3.6.1.2.1.5.13.0 = Counter32: 0
.1.3.6.1.2.1.5.14.0 = Counter32: 455
.1.3.6.1.2.1.5.15.0 = Counter32: 0
.1.3.6.1.2.1.5.16.0 = Counter32: 7
.1.3.6.1.2.1.5.17.0 = Counter32: 0
.1.3.6.1.2.1.5.18.0 = Counter32: 0
.1.3.6.1.2.1.5.19.0 = Counter32: 0
.1.3.6.1.2.1.5.20.0 = Counter32: 0
.1.3.6.1.2.1.5.21.0 = Counter32: 223
.1.3.6.1.2.1.5.22.0 = Counter32: 225
.1.3.6.1.2.1.5.23.0 = Counter32: 0
.1.3.6.1.2.1.5.24.0 = Counter32: 0
.1.3.6.1.2.1.5.25.0 = Counter32: 0
.1.3.6.1.2.1.5.26.0 = Counter32: 0
.1.3.6.1.2.1.5.29.1.2.1 = Counter32: 450
.1.3.6.1.2.1.5.29.1.2.2 = Counter32: 1046
.1.3.6.1.2.1.5.29.1.3.1 = Counter32: 0
.1.3.6.1.2.1.5.29.1.3.2 = Counter32: 0
.1.3.6.1.2.1.5.29.1.4.1 = Counter32: 455
.1.3.6.1.2.1.5.29.1.4.2 = Counter32: 8
.1.3.6.1.2.1.5.29.1.5.1 = Counter32: 0
.1.3.6.1.2.1.5.29.1.5.2 = Counter32: 0
.1.3.6.1.2.1.5.30.1.3.1.0 = Counter32: 223
.1.3.6.1.2.1.5.30.1.3.1.3 = Counter32: 2
.1.3.6.1.2.1.5.30.1.3.1.4 = Counter32: 0
.1.3.6.1.2.1.5.30.1.3.1.5 = Counter32: 0
.1.3.6.1.2.1.5.30.1.3.1.8 = Counter32: 225
.1.3.6.1.2.1.5.30.1.3.1.9 = Counter32: 0
.1.3.6.1.2.1.5.30.1.3.1.10 = Counter32: 0
.1.3.6.1.2.1.5.30.1.3.1.11 = Counter32: 0
.1.3.6.1.2.1.5.30.1.3.1.12 = Counter32: 0
.1.3.6.1.2.1.5.30.1.3.1.13 = Counter32: 0
.1.3.6.1.2.1.5.30.1.3.1.14 = Counter32: 0
.1.3.6.1.2.1.5.30.1.3.1.15 = Counter32: 0
.1.3.6.1.2.1.5.30.1.3.1.16 = Counter32: 0
.1.3.6.1.2.1.5.30.1.3.1.17 = Counter32: 0
.1.3.6.1.2.1.5.30.1.3.1.18 = Counter32: 0
.1.3.6.1.2.1.5.30.1.3.2.1 = Counter32: 0
.1.3.6.1.2.1.5.30.1.3.2.2 = Counter32: 0
.1.3.6.1.2.1.5.30.1.3.2.3 = Counter32: 0
.1.3.6.1.2.1.5.30.1.3.2.4 = Counter32: 0
.1.3.6.1.2.1.5.30.1.3.2.128 = Counter32: 0
.1.3.6.1.2.1.5.30.1.3.2.129 = Counter32: 0
.1.3.6.1.2.1.5.30.1.3.2.130 = Counter32: 0
.1.3.6.1.2.1.5.30.1.3.2.131 = Counter32: 0
.1.3.6.1.2.1.5.30.1.3.2.132 = Counter32: 0
.1.3.6.1.2.1.5.30.1.3.2.133 = Counter32: 0
.1.3.6.1.2.1.5.30.1.3.2.134 = Counter32: 919
.1.3.6.1.2.1.5.30.1.3.2.135 = Counter32: 1
.1.3.6.1.2.1.5.30.1.3.2.136 = Counter32: 126
.1.3.6.1.2.1.5.30.1.3.2.137 = Counter32: 0
.1.3.6.1.2.1.5.30.1.4.1.0 = Counter32: 225
.1.3.6.1.2.1.5.30.1.4.1.3 = Counter32: 7
.1.3.6.1.2.1.5.30.1.4.1.4 = Counter32: 0
.1.3.6.1.2.1.5.30.1.4.1.5 = Counter32: 0
.1.3.6.1.2.1.5.30.1.4.1.8 = Counter32: 223
.1.3.6.1.2.1.5.30.1.4.1.9 = Counter32: 0
.1.3.6.1.2.1.5.30.1.4.1.10 = Counter32: 0
.1.3.6.1.2.1.5.30.1.4.1.11 = Counter32: 0
.1.3.6.1.2.1.5.30.1.4.1.12 = Counter32: 0
.1.3.6.1.2.1.5.30.1.4.1.13 = Counter32: 0
.1.3.6.1.2.1.5.30.1.4.1.14 = Counter32: 0
.1.3.6.1.2.1.5.30.1.4.1.15 = Counter32: 0
.1.3.6.1.2.1.5.30.1.4.1.16 = Counter32: 0
.1.3.6.1.2.1.5.30.1.4.1.17 = Counter32: 0
.1.3.6.1.2.1.5.30.1.4.1.18 = Counter32: 0
.1.3.6.1.2.1.5.30.1.4.2.1 = Counter32: 0
.1.3.6.1.2.1.5.30.1.4.2.2 = Counter32: 0
.1.3.6.1.2.1.5.30.1.4.2.3 = Counter32: 0
.1.3.6.1.2.1.5.30.1.4.2.4 = Counter32: 0
.1.3.6.1.2.1.5.30.1.4.2.128 = Counter32: 0
.1.3.6.1.2.1.5.30.1.4.2.129 = Counter32: 0
.1.3.6.1.2.1.5.30.1.4.2.130 = Counter32: 0
.1.3.6.1.2.1.5.30.1.4.2.131 = Counter32: 8
.1.3.6.1.2.1.5.30.1.4.2.132 = Counter32: 0
.1.3.6.1.2.1.5.30.1.4.2.133 = Counter32: 0
.1.3.6.1.2.1.5.30.1.4.2.134 = Counter32: 0
.1.3.6.1.2.1.5.30.1.4.2.135 = Counter32: 0
.1.3.6.1.2.1.5.30.1.4.2.136 = Counter32: 0
.1.3.6.1.2.1.5.30.1.4.2.137 = Counter32: 0
.1.3.6.1.2.1.6.1.0 = INTEGER: vanj(4)
.1.3.6.1.2.1.6.2.0 = INTEGER: 1000 milliseconds
.1.3.6.1.2.1.6.3.0 = INTEGER: 60000 milliseconds
.1.3.6.1.2.1.6.4.0 = INTEGER: -1
.1.3.6.1.2.1.6.5.0 = Counter32: 0
.1.3.6.1.2.1.6.6.0 = Counter32: 50
.1.3.6.1.2.1.6.7.0 = Counter32: 0
.1.3.6.1.2.1.6.8.0 = Counter32: 26
.1.3.6.1.2.1.6.9.0 = Gauge32: 0
.1.3.6.1.2.1.6.10.0 = Counter32: 1731
.1.3.6.1.2.1.6.11.0 = Counter32: 1516
.1.3.6.1.2.1.6.12.0 = Counter32: 0
.1.3.6.1.2.1.6.14.0 = Counter32: 0
.1.3.6.1.2.1.6.15.0 = Counter32: 10
.1.3.6.1.2.1.6.17.0 = Counter64: 1731
.1.3.6.1.2.1.6.18.0 = Counter64: 1516
.1.3.6.1.2.1.7.1.0 = Counter32: 3957
.1.3.6.1.2.1.7.2.0 = Counter32: 38688
.1.3.6.1.2.1.7.3.0 = Counter32: 0
.1.3.6.1.2.1.7.4.0 = Counter32: 3596
.1.3.6.1.2.1.7.8.0 = Counter64: 3961
.1.3.6.1.2.1.7.9.0 = Counter64: 3598
.1.3.6.1.2.1.11.1.0 = Counter32: 3963
.1.3.6.1.2.1.11.2.0 = Counter32: 3600
.1.3.6.1.2.1.11.3.0 = Counter32: 0
.1.3.6.1.2.1.11.4.0 = Counter32: 0
.1.3.6.1.2.1.11.5.0 = Counter32: 35
.1.3.6.1.2.1.11.6.0 = Counter32: 0
.1.3.6.1.2.1.11.8.0 = Counter32: 0
.1.3.6.1.2.1.11.9.0 = Counter32: 0
.1.3.6.1.2.1.11.10.0 = Counter32: 0
.1.3.6.1.2.1.11.11.0 = Counter32: 0
.1.3.6.1.2.1.11.12.0 = Counter32: 0
.1.3.6.1.2.1.11.13.0 = Counter32: 3611
.1.3.6.1.2.1.11.14.0 = Counter32: 0
.1.3.6.1.2.1.11.15.0 = Counter32: 58
.1.3.6.1.2.1.11.16.0 = Counter32: 3556
.1.3.6.1.2.1.11.17.0 = Counter32: 0
.1.3.6.1.2.1.11.18.0 = Counter32: 0
.1.3.6.1.2.1.11.19.0 = Counter32: 0
.1.3.6.1.2.1.11.20.0 = Counter32: 0
.1.3.6.1.2.1.11.21.0 = Counter32: 35
.1.3.6.1.2.1.11.22.0 = Counter32: 0
.1.3.6.1.2.1.11.24.0 = Counter32: 0
.1.3.6.1.2.1.11.25.0 = Counter32: 0
.1.3.6.1.2.1.11.26.0 = Counter32: 0
.1.3.6.1.2.1.11.27.0 = Counter32: 0
.1.3.6.1.2.1.11.28.0 = Counter32: 3624
.1.3.6.1.2.1.11.29.0 = Counter32: 0
.1.3.6.1.2.1.11.30.0 = INTEGER: enabled(1)
.1.3.6.1.2.1.11.31.0 = Counter32: 363
.1.3.6.1.2.1.11.32.0 = Counter32: 0
